2024-01-23 15:25:55,163 [Worker-7: Loading available Gradle versions] INFO  o.e.b.c.i.u.g.PublishedGradleVersions - Gradle version information cache is up-to-date. Trying to read.
2024-01-23 15:27:33,283 [Worker-6: Loading available Gradle versions] INFO  o.e.b.c.i.u.g.PublishedGradleVersions - Gradle version information cache is up-to-date. Trying to read.
2024-01-24 07:24:25,035 [Worker-2: Loading available Gradle versions] INFO  o.e.b.c.i.u.g.PublishedGradleVersions - Gradle version information cache is up-to-date. Trying to read.
2024-01-24 08:32:08,536 [Worker-9: Loading available Gradle versions] INFO  o.e.b.c.i.u.g.PublishedGradleVersions - Gradle version information cache is up-to-date. Trying to read.
2024-01-24 09:12:27,733 [Worker-5: Loading available Gradle versions] INFO  o.e.b.c.i.u.g.PublishedGradleVersions - Gradle version information cache is up-to-date. Trying to read.
2024-01-24 09:19:09,243 [Worker-9: Loading available Gradle versions] INFO  o.e.b.c.i.u.g.PublishedGradleVersions - Gradle version information cache is up-to-date. Trying to read.
2024-02-27 14:54:23,219 [Worker-7: Loading available Gradle versions] INFO  o.e.b.c.i.u.g.PublishedGradleVersions - Gradle version information cache is out-of-date. Trying to update.
2024-02-27 14:54:23,576 [Worker-7: Loading available Gradle versions] INFO  o.e.b.c.i.u.g.PublishedGradleVersions - Updating Gradle version information cache failed. Using outdated cache.
2024-02-27 16:34:20,888 [ModalContext] INFO  o.e.m.c.i.e.AbstractTransferListenerAdapter - Downloaded https://repo.maven.apache.org/maven2/org/apache/maven/archetypes/maven-archetype-webapp/1.0/maven-archetype-webapp-1.0.pom
2024-02-27 16:34:49,584 [Worker-65: Launching mavenrun-65b7c577-a220-4a85-9cdc-7ffe40efa20f] INFO  o.eclipse.m2e.core.internal.Bundles - getClasspathEntries(Bundle=org.eclipse.m2e.maven.runtime_3.9.500.20231113-2345 [626])
2024-02-27 16:34:49,586 [Worker-65: Launching mavenrun-65b7c577-a220-4a85-9cdc-7ffe40efa20f] INFO  o.eclipse.m2e.core.internal.Bundles - 	Entry: C:\Users\ASUS\.p2\pool\plugins\org.eclipse.m2e.maven.runtime_3.9.500.20231113-2345
2024-02-27 16:34:49,586 [Worker-65: Launching mavenrun-65b7c577-a220-4a85-9cdc-7ffe40efa20f] INFO  o.eclipse.m2e.core.internal.Bundles - 	Entry: C:\Users\ASUS\.p2\pool\plugins\org.eclipse.m2e.maven.runtime_3.9.500.20231113-2345\jars\aopalliance-1.0.jar
2024-02-27 16:34:49,586 [Worker-65: Launching mavenrun-65b7c577-a220-4a85-9cdc-7ffe40efa20f] INFO  o.eclipse.m2e.core.internal.Bundles - 	Entry: C:\Users\ASUS\.p2\pool\plugins\org.eclipse.m2e.maven.runtime_3.9.500.20231113-2345\jars\guice-5.1.0.jar
2024-02-27 16:34:49,586 [Worker-65: Launching mavenrun-65b7c577-a220-4a85-9cdc-7ffe40efa20f] INFO  o.eclipse.m2e.core.internal.Bundles - 	Entry: C:\Users\ASUS\.p2\pool\plugins\org.eclipse.m2e.maven.runtime_3.9.500.20231113-2345\jars\httpclient-4.5.14.jar
2024-02-27 16:34:49,586 [Worker-65: Launching mavenrun-65b7c577-a220-4a85-9cdc-7ffe40efa20f] INFO  o.eclipse.m2e.core.internal.Bundles - 	Entry: C:\Users\ASUS\.p2\pool\plugins\org.eclipse.m2e.maven.runtime_3.9.500.20231113-2345\jars\httpcore-4.4.16.jar
2024-02-27 16:34:49,586 [Worker-65: Launching mavenrun-65b7c577-a220-4a85-9cdc-7ffe40efa20f] INFO  o.eclipse.m2e.core.internal.Bundles - 	Entry: C:\Users\ASUS\.p2\pool\plugins\org.eclipse.m2e.maven.runtime_3.9.500.20231113-2345\jars\jansi-2.4.0.jar
2024-02-27 16:34:49,586 [Worker-65: Launching mavenrun-65b7c577-a220-4a85-9cdc-7ffe40efa20f] INFO  o.eclipse.m2e.core.internal.Bundles - 	Entry: C:\Users\ASUS\.p2\pool\plugins\org.eclipse.m2e.maven.runtime_3.9.500.20231113-2345\jars\jcl-over-slf4j-1.7.36.jar
2024-02-27 16:34:49,587 [Worker-65: Launching mavenrun-65b7c577-a220-4a85-9cdc-7ffe40efa20f] INFO  o.eclipse.m2e.core.internal.Bundles - 	Entry: C:\Users\ASUS\.p2\pool\plugins\org.eclipse.m2e.maven.runtime_3.9.500.20231113-2345\jars\maven-artifact-3.9.5.jar
2024-02-27 16:34:49,587 [Worker-65: Launching mavenrun-65b7c577-a220-4a85-9cdc-7ffe40efa20f] INFO  o.eclipse.m2e.core.internal.Bundles - 	Entry: C:\Users\ASUS\.p2\pool\plugins\org.eclipse.m2e.maven.runtime_3.9.500.20231113-2345\jars\maven-builder-support-3.9.5.jar
2024-02-27 16:34:49,587 [Worker-65: Launching mavenrun-65b7c577-a220-4a85-9cdc-7ffe40efa20f] INFO  o.eclipse.m2e.core.internal.Bundles - 	Entry: C:\Users\ASUS\.p2\pool\plugins\org.eclipse.m2e.maven.runtime_3.9.500.20231113-2345\jars\maven-compat-3.9.5.jar
2024-02-27 16:34:49,587 [Worker-65: Launching mavenrun-65b7c577-a220-4a85-9cdc-7ffe40efa20f] INFO  o.eclipse.m2e.core.internal.Bundles - 	Entry: C:\Users\ASUS\.p2\pool\plugins\org.eclipse.m2e.maven.runtime_3.9.500.20231113-2345\jars\maven-core-3.9.5.jar
2024-02-27 16:34:49,587 [Worker-65: Launching mavenrun-65b7c577-a220-4a85-9cdc-7ffe40efa20f] INFO  o.eclipse.m2e.core.internal.Bundles - 	Entry: C:\Users\ASUS\.p2\pool\plugins\org.eclipse.m2e.maven.runtime_3.9.500.20231113-2345\jars\maven-embedder-3.9.5.jar
2024-02-27 16:34:49,587 [Worker-65: Launching mavenrun-65b7c577-a220-4a85-9cdc-7ffe40efa20f] INFO  o.eclipse.m2e.core.internal.Bundles - 	Entry: C:\Users\ASUS\.p2\pool\plugins\org.eclipse.m2e.maven.runtime_3.9.500.20231113-2345\jars\maven-model-3.9.5.jar
2024-02-27 16:34:49,587 [Worker-65: Launching mavenrun-65b7c577-a220-4a85-9cdc-7ffe40efa20f] INFO  o.eclipse.m2e.core.internal.Bundles - 	Entry: C:\Users\ASUS\.p2\pool\plugins\org.eclipse.m2e.maven.runtime_3.9.500.20231113-2345\jars\maven-model-builder-3.9.5.jar
2024-02-27 16:34:49,587 [Worker-65: Launching mavenrun-65b7c577-a220-4a85-9cdc-7ffe40efa20f] INFO  o.eclipse.m2e.core.internal.Bundles - 	Entry: C:\Users\ASUS\.p2\pool\plugins\org.eclipse.m2e.maven.runtime_3.9.500.20231113-2345\jars\maven-plugin-api-3.9.5.jar
2024-02-27 16:34:49,587 [Worker-65: Launching mavenrun-65b7c577-a220-4a85-9cdc-7ffe40efa20f] INFO  o.eclipse.m2e.core.internal.Bundles - 	Entry: C:\Users\ASUS\.p2\pool\plugins\org.eclipse.m2e.maven.runtime_3.9.500.20231113-2345\jars\maven-repository-metadata-3.9.5.jar
2024-02-27 16:34:49,587 [Worker-65: Launching mavenrun-65b7c577-a220-4a85-9cdc-7ffe40efa20f] INFO  o.eclipse.m2e.core.internal.Bundles - 	Entry: C:\Users\ASUS\.p2\pool\plugins\org.eclipse.m2e.maven.runtime_3.9.500.20231113-2345\jars\maven-resolver-api-1.9.16.jar
2024-02-27 16:34:49,587 [Worker-65: Launching mavenrun-65b7c577-a220-4a85-9cdc-7ffe40efa20f] INFO  o.eclipse.m2e.core.internal.Bundles - 	Entry: C:\Users\ASUS\.p2\pool\plugins\org.eclipse.m2e.maven.runtime_3.9.500.20231113-2345\jars\maven-resolver-connector-basic-1.9.16.jar
2024-02-27 16:34:49,587 [Worker-65: Launching mavenrun-65b7c577-a220-4a85-9cdc-7ffe40efa20f] INFO  o.eclipse.m2e.core.internal.Bundles - 	Entry: C:\Users\ASUS\.p2\pool\plugins\org.eclipse.m2e.maven.runtime_3.9.500.20231113-2345\jars\maven-resolver-impl-1.9.16.jar
2024-02-27 16:34:49,588 [Worker-65: Launching mavenrun-65b7c577-a220-4a85-9cdc-7ffe40efa20f] INFO  o.eclipse.m2e.core.internal.Bundles - 	Entry: C:\Users\ASUS\.p2\pool\plugins\org.eclipse.m2e.maven.runtime_3.9.500.20231113-2345\jars\maven-resolver-named-locks-1.9.16.jar
2024-02-27 16:34:49,588 [Worker-65: Launching mavenrun-65b7c577-a220-4a85-9cdc-7ffe40efa20f] INFO  o.eclipse.m2e.core.internal.Bundles - 	Entry: C:\Users\ASUS\.p2\pool\plugins\org.eclipse.m2e.maven.runtime_3.9.500.20231113-2345\jars\maven-resolver-provider-3.9.5.jar
2024-02-27 16:34:49,588 [Worker-65: Launching mavenrun-65b7c577-a220-4a85-9cdc-7ffe40efa20f] INFO  o.eclipse.m2e.core.internal.Bundles - 	Entry: C:\Users\ASUS\.p2\pool\plugins\org.eclipse.m2e.maven.runtime_3.9.500.20231113-2345\jars\maven-resolver-spi-1.9.16.jar
2024-02-27 16:34:49,588 [Worker-65: Launching mavenrun-65b7c577-a220-4a85-9cdc-7ffe40efa20f] INFO  o.eclipse.m2e.core.internal.Bundles - 	Entry: C:\Users\ASUS\.p2\pool\plugins\org.eclipse.m2e.maven.runtime_3.9.500.20231113-2345\jars\maven-resolver-transport-file-1.9.16.jar
2024-02-27 16:34:49,588 [Worker-65: Launching mavenrun-65b7c577-a220-4a85-9cdc-7ffe40efa20f] INFO  o.eclipse.m2e.core.internal.Bundles - 	Entry: C:\Users\ASUS\.p2\pool\plugins\org.eclipse.m2e.maven.runtime_3.9.500.20231113-2345\jars\maven-resolver-transport-http-1.9.16.jar
2024-02-27 16:34:49,588 [Worker-65: Launching mavenrun-65b7c577-a220-4a85-9cdc-7ffe40efa20f] INFO  o.eclipse.m2e.core.internal.Bundles - 	Entry: C:\Users\ASUS\.p2\pool\plugins\org.eclipse.m2e.maven.runtime_3.9.500.20231113-2345\jars\maven-resolver-transport-wagon-1.9.16.jar
2024-02-27 16:34:49,588 [Worker-65: Launching mavenrun-65b7c577-a220-4a85-9cdc-7ffe40efa20f] INFO  o.eclipse.m2e.core.internal.Bundles - 	Entry: C:\Users\ASUS\.p2\pool\plugins\org.eclipse.m2e.maven.runtime_3.9.500.20231113-2345\jars\maven-resolver-util-1.9.16.jar
2024-02-27 16:34:49,588 [Worker-65: Launching mavenrun-65b7c577-a220-4a85-9cdc-7ffe40efa20f] INFO  o.eclipse.m2e.core.internal.Bundles - 	Entry: C:\Users\ASUS\.p2\pool\plugins\org.eclipse.m2e.maven.runtime_3.9.500.20231113-2345\jars\maven-settings-3.9.5.jar
2024-02-27 16:34:49,588 [Worker-65: Launching mavenrun-65b7c577-a220-4a85-9cdc-7ffe40efa20f] INFO  o.eclipse.m2e.core.internal.Bundles - 	Entry: C:\Users\ASUS\.p2\pool\plugins\org.eclipse.m2e.maven.runtime_3.9.500.20231113-2345\jars\maven-settings-builder-3.9.5.jar
2024-02-27 16:34:49,588 [Worker-65: Launching mavenrun-65b7c577-a220-4a85-9cdc-7ffe40efa20f] INFO  o.eclipse.m2e.core.internal.Bundles - 	Entry: C:\Users\ASUS\.p2\pool\plugins\org.eclipse.m2e.maven.runtime_3.9.500.20231113-2345\jars\maven-shared-utils-3.3.4.jar
2024-02-27 16:34:49,589 [Worker-65: Launching mavenrun-65b7c577-a220-4a85-9cdc-7ffe40efa20f] INFO  o.eclipse.m2e.core.internal.Bundles - 	Entry: C:\Users\ASUS\.p2\pool\plugins\org.eclipse.m2e.maven.runtime_3.9.500.20231113-2345\jars\org.eclipse.sisu.inject-0.3.5.jar
2024-02-27 16:34:49,589 [Worker-65: Launching mavenrun-65b7c577-a220-4a85-9cdc-7ffe40efa20f] INFO  o.eclipse.m2e.core.internal.Bundles - 	Entry: C:\Users\ASUS\.p2\pool\plugins\org.eclipse.m2e.maven.runtime_3.9.500.20231113-2345\jars\org.eclipse.sisu.plexus-0.3.5.jar
2024-02-27 16:34:49,589 [Worker-65: Launching mavenrun-65b7c577-a220-4a85-9cdc-7ffe40efa20f] INFO  o.eclipse.m2e.core.internal.Bundles - 	Entry: C:\Users\ASUS\.p2\pool\plugins\org.eclipse.m2e.maven.runtime_3.9.500.20231113-2345\jars\plexus-build-api-0.0.7.jar
2024-02-27 16:34:49,589 [Worker-65: Launching mavenrun-65b7c577-a220-4a85-9cdc-7ffe40efa20f] INFO  o.eclipse.m2e.core.internal.Bundles - 	Entry: C:\Users\ASUS\.p2\pool\plugins\org.eclipse.m2e.maven.runtime_3.9.500.20231113-2345\jars\plexus-cipher-2.0.jar
2024-02-27 16:34:49,589 [Worker-65: Launching mavenrun-65b7c577-a220-4a85-9cdc-7ffe40efa20f] INFO  o.eclipse.m2e.core.internal.Bundles - 	Entry: C:\Users\ASUS\.p2\pool\plugins\org.eclipse.m2e.maven.runtime_3.9.500.20231113-2345\jars\plexus-classworlds-2.7.0.jar
2024-02-27 16:34:49,589 [Worker-65: Launching mavenrun-65b7c577-a220-4a85-9cdc-7ffe40efa20f] INFO  o.eclipse.m2e.core.internal.Bundles - 	Entry: C:\Users\ASUS\.p2\pool\plugins\org.eclipse.m2e.maven.runtime_3.9.500.20231113-2345\jars\plexus-component-annotations-2.1.0.jar
2024-02-27 16:34:49,589 [Worker-65: Launching mavenrun-65b7c577-a220-4a85-9cdc-7ffe40efa20f] INFO  o.eclipse.m2e.core.internal.Bundles - 	Entry: C:\Users\ASUS\.p2\pool\plugins\org.eclipse.m2e.maven.runtime_3.9.500.20231113-2345\jars\plexus-interpolation-1.26.jar
2024-02-27 16:34:49,589 [Worker-65: Launching mavenrun-65b7c577-a220-4a85-9cdc-7ffe40efa20f] INFO  o.eclipse.m2e.core.internal.Bundles - 	Entry: C:\Users\ASUS\.p2\pool\plugins\org.eclipse.m2e.maven.runtime_3.9.500.20231113-2345\jars\plexus-sec-dispatcher-2.0.jar
2024-02-27 16:34:49,589 [Worker-65: Launching mavenrun-65b7c577-a220-4a85-9cdc-7ffe40efa20f] INFO  o.eclipse.m2e.core.internal.Bundles - 	Entry: C:\Users\ASUS\.p2\pool\plugins\org.eclipse.m2e.maven.runtime_3.9.500.20231113-2345\jars\plexus-utils-3.5.1.jar
2024-02-27 16:34:49,589 [Worker-65: Launching mavenrun-65b7c577-a220-4a85-9cdc-7ffe40efa20f] INFO  o.eclipse.m2e.core.internal.Bundles - 	Entry: C:\Users\ASUS\.p2\pool\plugins\org.eclipse.m2e.maven.runtime_3.9.500.20231113-2345\jars\wagon-file-3.5.3.jar
2024-02-27 16:34:49,590 [Worker-65: Launching mavenrun-65b7c577-a220-4a85-9cdc-7ffe40efa20f] INFO  o.eclipse.m2e.core.internal.Bundles - 	Entry: C:\Users\ASUS\.p2\pool\plugins\org.eclipse.m2e.maven.runtime_3.9.500.20231113-2345\jars\wagon-http-3.5.3.jar
2024-02-27 16:34:49,590 [Worker-65: Launching mavenrun-65b7c577-a220-4a85-9cdc-7ffe40efa20f] INFO  o.eclipse.m2e.core.internal.Bundles - 	Entry: C:\Users\ASUS\.p2\pool\plugins\org.eclipse.m2e.maven.runtime_3.9.500.20231113-2345\jars\wagon-http-shared-3.5.3.jar
2024-02-27 16:34:49,590 [Worker-65: Launching mavenrun-65b7c577-a220-4a85-9cdc-7ffe40efa20f] INFO  o.eclipse.m2e.core.internal.Bundles - 	Entry: C:\Users\ASUS\.p2\pool\plugins\org.eclipse.m2e.maven.runtime_3.9.500.20231113-2345\jars\wagon-provider-api-3.5.3.jar
2024-02-27 16:34:49,591 [Worker-65: Launching mavenrun-65b7c577-a220-4a85-9cdc-7ffe40efa20f] INFO  o.eclipse.m2e.core.internal.Bundles - getClasspathEntries(Bundle=com.google.guava_32.1.3.jre [12])
2024-02-27 16:34:49,592 [Worker-65: Launching mavenrun-65b7c577-a220-4a85-9cdc-7ffe40efa20f] INFO  o.eclipse.m2e.core.internal.Bundles - 	Entry: C:\Users\ASUS\.p2\pool\plugins\com.google.guava_32.1.3.jre.jar
2024-02-27 16:34:49,592 [Worker-65: Launching mavenrun-65b7c577-a220-4a85-9cdc-7ffe40efa20f] INFO  o.eclipse.m2e.core.internal.Bundles - getClasspathEntries(Bundle=slf4j.api_2.0.11 [986])
2024-02-27 16:34:49,592 [Worker-65: Launching mavenrun-65b7c577-a220-4a85-9cdc-7ffe40efa20f] INFO  o.eclipse.m2e.core.internal.Bundles - 	Entry: C:\Users\ASUS\.p2\pool\plugins\slf4j.api_2.0.11.jar
2024-02-27 16:34:49,592 [Worker-65: Launching mavenrun-65b7c577-a220-4a85-9cdc-7ffe40efa20f] INFO  o.eclipse.m2e.core.internal.Bundles - getClasspathEntries(Bundle=jakarta.inject.jakarta.inject-api_1.0.5 [29])
2024-02-27 16:34:49,592 [Worker-65: Launching mavenrun-65b7c577-a220-4a85-9cdc-7ffe40efa20f] INFO  o.eclipse.m2e.core.internal.Bundles - 	Entry: C:\Users\ASUS\.p2\pool\plugins\jakarta.inject.jakarta.inject-api_1.0.5.jar
2024-02-27 16:34:49,592 [Worker-65: Launching mavenrun-65b7c577-a220-4a85-9cdc-7ffe40efa20f] INFO  o.eclipse.m2e.core.internal.Bundles - getClasspathEntries(Bundle=jakarta.annotation-api_1.3.5 [24])
2024-02-27 16:34:49,592 [Worker-65: Launching mavenrun-65b7c577-a220-4a85-9cdc-7ffe40efa20f] INFO  o.eclipse.m2e.core.internal.Bundles - 	Entry: C:\Users\ASUS\.p2\pool\plugins\jakarta.annotation-api_1.3.5.jar
2024-02-27 16:34:49,592 [Worker-65: Launching mavenrun-65b7c577-a220-4a85-9cdc-7ffe40efa20f] INFO  o.eclipse.m2e.core.internal.Bundles - getClasspathEntries(Bundle=org.apache.commons.cli_1.6.0 [71])
2024-02-27 16:34:49,593 [Worker-65: Launching mavenrun-65b7c577-a220-4a85-9cdc-7ffe40efa20f] INFO  o.eclipse.m2e.core.internal.Bundles - 	Entry: C:\Users\ASUS\.p2\pool\plugins\org.apache.commons.cli_1.6.0.jar
2024-02-27 16:34:49,593 [Worker-65: Launching mavenrun-65b7c577-a220-4a85-9cdc-7ffe40efa20f] INFO  o.eclipse.m2e.core.internal.Bundles - getClasspathEntries(Bundle=org.apache.commons.commons-codec_1.16.0 [75])
2024-02-27 16:34:49,593 [Worker-65: Launching mavenrun-65b7c577-a220-4a85-9cdc-7ffe40efa20f] INFO  o.eclipse.m2e.core.internal.Bundles - 	Entry: C:\Users\ASUS\.p2\pool\plugins\org.apache.commons.commons-codec_1.16.0.jar
2024-02-27 16:34:49,593 [Worker-65: Launching mavenrun-65b7c577-a220-4a85-9cdc-7ffe40efa20f] INFO  o.eclipse.m2e.core.internal.Bundles - getClasspathEntries(Bundle=org.apache.commons.lang3_3.13.0 [82])
2024-02-27 16:34:49,595 [Worker-65: Launching mavenrun-65b7c577-a220-4a85-9cdc-7ffe40efa20f] INFO  o.eclipse.m2e.core.internal.Bundles - 	Entry: C:\Users\ASUS\.p2\pool\plugins\org.apache.commons.lang3_3.13.0.jar
2024-02-27 16:34:49,595 [Worker-65: Launching mavenrun-65b7c577-a220-4a85-9cdc-7ffe40efa20f] INFO  o.eclipse.m2e.core.internal.Bundles - getClasspathEntries(Bundle=com.google.guava.failureaccess_1.0.2 [13])
2024-02-27 16:34:49,595 [Worker-65: Launching mavenrun-65b7c577-a220-4a85-9cdc-7ffe40efa20f] INFO  o.eclipse.m2e.core.internal.Bundles - 	Entry: C:\Users\ASUS\.p2\pool\plugins\com.google.guava.failureaccess_1.0.2.jar
2024-02-27 16:34:49,600 [Worker-65: Launching mavenrun-65b7c577-a220-4a85-9cdc-7ffe40efa20f] INFO  o.e.m.i.launch.MavenLaunchDelegate - Run build in "C:\Users\ASUS\AppData\Local\Temp\m2e-archetypeGenerator3693840211702688763":
2024-02-27 16:34:49,602 [Worker-65: Launching mavenrun-65b7c577-a220-4a85-9cdc-7ffe40efa20f] INFO  o.e.m.i.launch.MavenLaunchDelegate -  mvn  -DarchetypeGroupId=org.apache.maven.archetypes -DarchetypeArtifactId=maven-archetype-webapp -DarchetypeVersion=1.0 -DgroupId=jp.ivs -DartifactId=SpringMVCBai1Maven -Dversion=0.0.1-SNAPSHOT -Dpackage=jp.ivs.SpringMVCBai1Maven -DoutputDirectory=D:\Web\63130584_Web2 -Dstyle.color=always -U archetype:generate
2024-02-27 16:37:40,512 [Worker-68: Launching mavenrun-2d891d13-a321-4298-8e7f-335688fbee63] INFO  o.eclipse.m2e.core.internal.Bundles - getClasspathEntries(Bundle=org.eclipse.m2e.maven.runtime_3.9.500.20231113-2345 [626])
2024-02-27 16:37:40,513 [Worker-68: Launching mavenrun-2d891d13-a321-4298-8e7f-335688fbee63] INFO  o.eclipse.m2e.core.internal.Bundles - 	Entry: C:\Users\ASUS\.p2\pool\plugins\org.eclipse.m2e.maven.runtime_3.9.500.20231113-2345
2024-02-27 16:37:40,513 [Worker-68: Launching mavenrun-2d891d13-a321-4298-8e7f-335688fbee63] INFO  o.eclipse.m2e.core.internal.Bundles - 	Entry: C:\Users\ASUS\.p2\pool\plugins\org.eclipse.m2e.maven.runtime_3.9.500.20231113-2345\jars\aopalliance-1.0.jar
2024-02-27 16:37:40,513 [Worker-68: Launching mavenrun-2d891d13-a321-4298-8e7f-335688fbee63] INFO  o.eclipse.m2e.core.internal.Bundles - 	Entry: C:\Users\ASUS\.p2\pool\plugins\org.eclipse.m2e.maven.runtime_3.9.500.20231113-2345\jars\guice-5.1.0.jar
2024-02-27 16:37:40,513 [Worker-68: Launching mavenrun-2d891d13-a321-4298-8e7f-335688fbee63] INFO  o.eclipse.m2e.core.internal.Bundles - 	Entry: C:\Users\ASUS\.p2\pool\plugins\org.eclipse.m2e.maven.runtime_3.9.500.20231113-2345\jars\httpclient-4.5.14.jar
2024-02-27 16:37:40,513 [Worker-68: Launching mavenrun-2d891d13-a321-4298-8e7f-335688fbee63] INFO  o.eclipse.m2e.core.internal.Bundles - 	Entry: C:\Users\ASUS\.p2\pool\plugins\org.eclipse.m2e.maven.runtime_3.9.500.20231113-2345\jars\httpcore-4.4.16.jar
2024-02-27 16:37:40,513 [Worker-68: Launching mavenrun-2d891d13-a321-4298-8e7f-335688fbee63] INFO  o.eclipse.m2e.core.internal.Bundles - 	Entry: C:\Users\ASUS\.p2\pool\plugins\org.eclipse.m2e.maven.runtime_3.9.500.20231113-2345\jars\jansi-2.4.0.jar
2024-02-27 16:37:40,513 [Worker-68: Launching mavenrun-2d891d13-a321-4298-8e7f-335688fbee63] INFO  o.eclipse.m2e.core.internal.Bundles - 	Entry: C:\Users\ASUS\.p2\pool\plugins\org.eclipse.m2e.maven.runtime_3.9.500.20231113-2345\jars\jcl-over-slf4j-1.7.36.jar
2024-02-27 16:37:40,513 [Worker-68: Launching mavenrun-2d891d13-a321-4298-8e7f-335688fbee63] INFO  o.eclipse.m2e.core.internal.Bundles - 	Entry: C:\Users\ASUS\.p2\pool\plugins\org.eclipse.m2e.maven.runtime_3.9.500.20231113-2345\jars\maven-artifact-3.9.5.jar
2024-02-27 16:37:40,513 [Worker-68: Launching mavenrun-2d891d13-a321-4298-8e7f-335688fbee63] INFO  o.eclipse.m2e.core.internal.Bundles - 	Entry: C:\Users\ASUS\.p2\pool\plugins\org.eclipse.m2e.maven.runtime_3.9.500.20231113-2345\jars\maven-builder-support-3.9.5.jar
2024-02-27 16:37:40,513 [Worker-68: Launching mavenrun-2d891d13-a321-4298-8e7f-335688fbee63] INFO  o.eclipse.m2e.core.internal.Bundles - 	Entry: C:\Users\ASUS\.p2\pool\plugins\org.eclipse.m2e.maven.runtime_3.9.500.20231113-2345\jars\maven-compat-3.9.5.jar
2024-02-27 16:37:40,514 [Worker-68: Launching mavenrun-2d891d13-a321-4298-8e7f-335688fbee63] INFO  o.eclipse.m2e.core.internal.Bundles - 	Entry: C:\Users\ASUS\.p2\pool\plugins\org.eclipse.m2e.maven.runtime_3.9.500.20231113-2345\jars\maven-core-3.9.5.jar
2024-02-27 16:37:40,514 [Worker-68: Launching mavenrun-2d891d13-a321-4298-8e7f-335688fbee63] INFO  o.eclipse.m2e.core.internal.Bundles - 	Entry: C:\Users\ASUS\.p2\pool\plugins\org.eclipse.m2e.maven.runtime_3.9.500.20231113-2345\jars\maven-embedder-3.9.5.jar
2024-02-27 16:37:40,514 [Worker-68: Launching mavenrun-2d891d13-a321-4298-8e7f-335688fbee63] INFO  o.eclipse.m2e.core.internal.Bundles - 	Entry: C:\Users\ASUS\.p2\pool\plugins\org.eclipse.m2e.maven.runtime_3.9.500.20231113-2345\jars\maven-model-3.9.5.jar
2024-02-27 16:37:40,514 [Worker-68: Launching mavenrun-2d891d13-a321-4298-8e7f-335688fbee63] INFO  o.eclipse.m2e.core.internal.Bundles - 	Entry: C:\Users\ASUS\.p2\pool\plugins\org.eclipse.m2e.maven.runtime_3.9.500.20231113-2345\jars\maven-model-builder-3.9.5.jar
2024-02-27 16:37:40,514 [Worker-68: Launching mavenrun-2d891d13-a321-4298-8e7f-335688fbee63] INFO  o.eclipse.m2e.core.internal.Bundles - 	Entry: C:\Users\ASUS\.p2\pool\plugins\org.eclipse.m2e.maven.runtime_3.9.500.20231113-2345\jars\maven-plugin-api-3.9.5.jar
2024-02-27 16:37:40,514 [Worker-68: Launching mavenrun-2d891d13-a321-4298-8e7f-335688fbee63] INFO  o.eclipse.m2e.core.internal.Bundles - 	Entry: C:\Users\ASUS\.p2\pool\plugins\org.eclipse.m2e.maven.runtime_3.9.500.20231113-2345\jars\maven-repository-metadata-3.9.5.jar
2024-02-27 16:37:40,514 [Worker-68: Launching mavenrun-2d891d13-a321-4298-8e7f-335688fbee63] INFO  o.eclipse.m2e.core.internal.Bundles - 	Entry: C:\Users\ASUS\.p2\pool\plugins\org.eclipse.m2e.maven.runtime_3.9.500.20231113-2345\jars\maven-resolver-api-1.9.16.jar
2024-02-27 16:37:40,514 [Worker-68: Launching mavenrun-2d891d13-a321-4298-8e7f-335688fbee63] INFO  o.eclipse.m2e.core.internal.Bundles - 	Entry: C:\Users\ASUS\.p2\pool\plugins\org.eclipse.m2e.maven.runtime_3.9.500.20231113-2345\jars\maven-resolver-connector-basic-1.9.16.jar
2024-02-27 16:37:40,514 [Worker-68: Launching mavenrun-2d891d13-a321-4298-8e7f-335688fbee63] INFO  o.eclipse.m2e.core.internal.Bundles - 	Entry: C:\Users\ASUS\.p2\pool\plugins\org.eclipse.m2e.maven.runtime_3.9.500.20231113-2345\jars\maven-resolver-impl-1.9.16.jar
2024-02-27 16:37:40,514 [Worker-68: Launching mavenrun-2d891d13-a321-4298-8e7f-335688fbee63] INFO  o.eclipse.m2e.core.internal.Bundles - 	Entry: C:\Users\ASUS\.p2\pool\plugins\org.eclipse.m2e.maven.runtime_3.9.500.20231113-2345\jars\maven-resolver-named-locks-1.9.16.jar
2024-02-27 16:37:40,514 [Worker-68: Launching mavenrun-2d891d13-a321-4298-8e7f-335688fbee63] INFO  o.eclipse.m2e.core.internal.Bundles - 	Entry: C:\Users\ASUS\.p2\pool\plugins\org.eclipse.m2e.maven.runtime_3.9.500.20231113-2345\jars\maven-resolver-provider-3.9.5.jar
2024-02-27 16:37:40,515 [Worker-68: Launching mavenrun-2d891d13-a321-4298-8e7f-335688fbee63] INFO  o.eclipse.m2e.core.internal.Bundles - 	Entry: C:\Users\ASUS\.p2\pool\plugins\org.eclipse.m2e.maven.runtime_3.9.500.20231113-2345\jars\maven-resolver-spi-1.9.16.jar
2024-02-27 16:37:40,515 [Worker-68: Launching mavenrun-2d891d13-a321-4298-8e7f-335688fbee63] INFO  o.eclipse.m2e.core.internal.Bundles - 	Entry: C:\Users\ASUS\.p2\pool\plugins\org.eclipse.m2e.maven.runtime_3.9.500.20231113-2345\jars\maven-resolver-transport-file-1.9.16.jar
2024-02-27 16:37:40,515 [Worker-68: Launching mavenrun-2d891d13-a321-4298-8e7f-335688fbee63] INFO  o.eclipse.m2e.core.internal.Bundles - 	Entry: C:\Users\ASUS\.p2\pool\plugins\org.eclipse.m2e.maven.runtime_3.9.500.20231113-2345\jars\maven-resolver-transport-http-1.9.16.jar
2024-02-27 16:37:40,515 [Worker-68: Launching mavenrun-2d891d13-a321-4298-8e7f-335688fbee63] INFO  o.eclipse.m2e.core.internal.Bundles - 	Entry: C:\Users\ASUS\.p2\pool\plugins\org.eclipse.m2e.maven.runtime_3.9.500.20231113-2345\jars\maven-resolver-transport-wagon-1.9.16.jar
2024-02-27 16:37:40,515 [Worker-68: Launching mavenrun-2d891d13-a321-4298-8e7f-335688fbee63] INFO  o.eclipse.m2e.core.internal.Bundles - 	Entry: C:\Users\ASUS\.p2\pool\plugins\org.eclipse.m2e.maven.runtime_3.9.500.20231113-2345\jars\maven-resolver-util-1.9.16.jar
2024-02-27 16:37:40,515 [Worker-68: Launching mavenrun-2d891d13-a321-4298-8e7f-335688fbee63] INFO  o.eclipse.m2e.core.internal.Bundles - 	Entry: C:\Users\ASUS\.p2\pool\plugins\org.eclipse.m2e.maven.runtime_3.9.500.20231113-2345\jars\maven-settings-3.9.5.jar
2024-02-27 16:37:40,515 [Worker-68: Launching mavenrun-2d891d13-a321-4298-8e7f-335688fbee63] INFO  o.eclipse.m2e.core.internal.Bundles - 	Entry: C:\Users\ASUS\.p2\pool\plugins\org.eclipse.m2e.maven.runtime_3.9.500.20231113-2345\jars\maven-settings-builder-3.9.5.jar
2024-02-27 16:37:40,515 [Worker-68: Launching mavenrun-2d891d13-a321-4298-8e7f-335688fbee63] INFO  o.eclipse.m2e.core.internal.Bundles - 	Entry: C:\Users\ASUS\.p2\pool\plugins\org.eclipse.m2e.maven.runtime_3.9.500.20231113-2345\jars\maven-shared-utils-3.3.4.jar
2024-02-27 16:37:40,515 [Worker-68: Launching mavenrun-2d891d13-a321-4298-8e7f-335688fbee63] INFO  o.eclipse.m2e.core.internal.Bundles - 	Entry: C:\Users\ASUS\.p2\pool\plugins\org.eclipse.m2e.maven.runtime_3.9.500.20231113-2345\jars\org.eclipse.sisu.inject-0.3.5.jar
2024-02-27 16:37:40,515 [Worker-68: Launching mavenrun-2d891d13-a321-4298-8e7f-335688fbee63] INFO  o.eclipse.m2e.core.internal.Bundles - 	Entry: C:\Users\ASUS\.p2\pool\plugins\org.eclipse.m2e.maven.runtime_3.9.500.20231113-2345\jars\org.eclipse.sisu.plexus-0.3.5.jar
2024-02-27 16:37:40,515 [Worker-68: Launching mavenrun-2d891d13-a321-4298-8e7f-335688fbee63] INFO  o.eclipse.m2e.core.internal.Bundles - 	Entry: C:\Users\ASUS\.p2\pool\plugins\org.eclipse.m2e.maven.runtime_3.9.500.20231113-2345\jars\plexus-build-api-0.0.7.jar
2024-02-27 16:37:40,516 [Worker-68: Launching mavenrun-2d891d13-a321-4298-8e7f-335688fbee63] INFO  o.eclipse.m2e.core.internal.Bundles - 	Entry: C:\Users\ASUS\.p2\pool\plugins\org.eclipse.m2e.maven.runtime_3.9.500.20231113-2345\jars\plexus-cipher-2.0.jar
2024-02-27 16:37:40,516 [Worker-68: Launching mavenrun-2d891d13-a321-4298-8e7f-335688fbee63] INFO  o.eclipse.m2e.core.internal.Bundles - 	Entry: C:\Users\ASUS\.p2\pool\plugins\org.eclipse.m2e.maven.runtime_3.9.500.20231113-2345\jars\plexus-classworlds-2.7.0.jar
2024-02-27 16:37:40,516 [Worker-68: Launching mavenrun-2d891d13-a321-4298-8e7f-335688fbee63] INFO  o.eclipse.m2e.core.internal.Bundles - 	Entry: C:\Users\ASUS\.p2\pool\plugins\org.eclipse.m2e.maven.runtime_3.9.500.20231113-2345\jars\plexus-component-annotations-2.1.0.jar
2024-02-27 16:37:40,516 [Worker-68: Launching mavenrun-2d891d13-a321-4298-8e7f-335688fbee63] INFO  o.eclipse.m2e.core.internal.Bundles - 	Entry: C:\Users\ASUS\.p2\pool\plugins\org.eclipse.m2e.maven.runtime_3.9.500.20231113-2345\jars\plexus-interpolation-1.26.jar
2024-02-27 16:37:40,516 [Worker-68: Launching mavenrun-2d891d13-a321-4298-8e7f-335688fbee63] INFO  o.eclipse.m2e.core.internal.Bundles - 	Entry: C:\Users\ASUS\.p2\pool\plugins\org.eclipse.m2e.maven.runtime_3.9.500.20231113-2345\jars\plexus-sec-dispatcher-2.0.jar
2024-02-27 16:37:40,516 [Worker-68: Launching mavenrun-2d891d13-a321-4298-8e7f-335688fbee63] INFO  o.eclipse.m2e.core.internal.Bundles - 	Entry: C:\Users\ASUS\.p2\pool\plugins\org.eclipse.m2e.maven.runtime_3.9.500.20231113-2345\jars\plexus-utils-3.5.1.jar
2024-02-27 16:37:40,516 [Worker-68: Launching mavenrun-2d891d13-a321-4298-8e7f-335688fbee63] INFO  o.eclipse.m2e.core.internal.Bundles - 	Entry: C:\Users\ASUS\.p2\pool\plugins\org.eclipse.m2e.maven.runtime_3.9.500.20231113-2345\jars\wagon-file-3.5.3.jar
2024-02-27 16:37:40,516 [Worker-68: Launching mavenrun-2d891d13-a321-4298-8e7f-335688fbee63] INFO  o.eclipse.m2e.core.internal.Bundles - 	Entry: C:\Users\ASUS\.p2\pool\plugins\org.eclipse.m2e.maven.runtime_3.9.500.20231113-2345\jars\wagon-http-3.5.3.jar
2024-02-27 16:37:40,516 [Worker-68: Launching mavenrun-2d891d13-a321-4298-8e7f-335688fbee63] INFO  o.eclipse.m2e.core.internal.Bundles - 	Entry: C:\Users\ASUS\.p2\pool\plugins\org.eclipse.m2e.maven.runtime_3.9.500.20231113-2345\jars\wagon-http-shared-3.5.3.jar
2024-02-27 16:37:40,516 [Worker-68: Launching mavenrun-2d891d13-a321-4298-8e7f-335688fbee63] INFO  o.eclipse.m2e.core.internal.Bundles - 	Entry: C:\Users\ASUS\.p2\pool\plugins\org.eclipse.m2e.maven.runtime_3.9.500.20231113-2345\jars\wagon-provider-api-3.5.3.jar
2024-02-27 16:37:40,517 [Worker-68: Launching mavenrun-2d891d13-a321-4298-8e7f-335688fbee63] INFO  o.eclipse.m2e.core.internal.Bundles - getClasspathEntries(Bundle=com.google.guava_32.1.3.jre [12])
2024-02-27 16:37:40,517 [Worker-68: Launching mavenrun-2d891d13-a321-4298-8e7f-335688fbee63] INFO  o.eclipse.m2e.core.internal.Bundles - 	Entry: C:\Users\ASUS\.p2\pool\plugins\com.google.guava_32.1.3.jre.jar
2024-02-27 16:37:40,517 [Worker-68: Launching mavenrun-2d891d13-a321-4298-8e7f-335688fbee63] INFO  o.eclipse.m2e.core.internal.Bundles - getClasspathEntries(Bundle=slf4j.api_2.0.11 [986])
2024-02-27 16:37:40,517 [Worker-68: Launching mavenrun-2d891d13-a321-4298-8e7f-335688fbee63] INFO  o.eclipse.m2e.core.internal.Bundles - 	Entry: C:\Users\ASUS\.p2\pool\plugins\slf4j.api_2.0.11.jar
2024-02-27 16:37:40,517 [Worker-68: Launching mavenrun-2d891d13-a321-4298-8e7f-335688fbee63] INFO  o.eclipse.m2e.core.internal.Bundles - getClasspathEntries(Bundle=jakarta.inject.jakarta.inject-api_1.0.5 [29])
2024-02-27 16:37:40,517 [Worker-68: Launching mavenrun-2d891d13-a321-4298-8e7f-335688fbee63] INFO  o.eclipse.m2e.core.internal.Bundles - 	Entry: C:\Users\ASUS\.p2\pool\plugins\jakarta.inject.jakarta.inject-api_1.0.5.jar
2024-02-27 16:37:40,517 [Worker-68: Launching mavenrun-2d891d13-a321-4298-8e7f-335688fbee63] INFO  o.eclipse.m2e.core.internal.Bundles - getClasspathEntries(Bundle=jakarta.annotation-api_1.3.5 [24])
2024-02-27 16:37:40,518 [Worker-68: Launching mavenrun-2d891d13-a321-4298-8e7f-335688fbee63] INFO  o.eclipse.m2e.core.internal.Bundles - 	Entry: C:\Users\ASUS\.p2\pool\plugins\jakarta.annotation-api_1.3.5.jar
2024-02-27 16:37:40,518 [Worker-68: Launching mavenrun-2d891d13-a321-4298-8e7f-335688fbee63] INFO  o.eclipse.m2e.core.internal.Bundles - getClasspathEntries(Bundle=org.apache.commons.cli_1.6.0 [71])
2024-02-27 16:37:40,518 [Worker-68: Launching mavenrun-2d891d13-a321-4298-8e7f-335688fbee63] INFO  o.eclipse.m2e.core.internal.Bundles - 	Entry: C:\Users\ASUS\.p2\pool\plugins\org.apache.commons.cli_1.6.0.jar
2024-02-27 16:37:40,518 [Worker-68: Launching mavenrun-2d891d13-a321-4298-8e7f-335688fbee63] INFO  o.eclipse.m2e.core.internal.Bundles - getClasspathEntries(Bundle=org.apache.commons.commons-codec_1.16.0 [75])
2024-02-27 16:37:40,518 [Worker-68: Launching mavenrun-2d891d13-a321-4298-8e7f-335688fbee63] INFO  o.eclipse.m2e.core.internal.Bundles - 	Entry: C:\Users\ASUS\.p2\pool\plugins\org.apache.commons.commons-codec_1.16.0.jar
2024-02-27 16:37:40,518 [Worker-68: Launching mavenrun-2d891d13-a321-4298-8e7f-335688fbee63] INFO  o.eclipse.m2e.core.internal.Bundles - getClasspathEntries(Bundle=org.apache.commons.lang3_3.13.0 [82])
2024-02-27 16:37:40,518 [Worker-68: Launching mavenrun-2d891d13-a321-4298-8e7f-335688fbee63] INFO  o.eclipse.m2e.core.internal.Bundles - 	Entry: C:\Users\ASUS\.p2\pool\plugins\org.apache.commons.lang3_3.13.0.jar
2024-02-27 16:37:40,518 [Worker-68: Launching mavenrun-2d891d13-a321-4298-8e7f-335688fbee63] INFO  o.eclipse.m2e.core.internal.Bundles - getClasspathEntries(Bundle=com.google.guava.failureaccess_1.0.2 [13])
2024-02-27 16:37:40,519 [Worker-68: Launching mavenrun-2d891d13-a321-4298-8e7f-335688fbee63] INFO  o.eclipse.m2e.core.internal.Bundles - 	Entry: C:\Users\ASUS\.p2\pool\plugins\com.google.guava.failureaccess_1.0.2.jar
2024-02-27 16:37:40,519 [Worker-68: Launching mavenrun-2d891d13-a321-4298-8e7f-335688fbee63] INFO  o.e.m.i.launch.MavenLaunchDelegate - Run build in "C:\Users\ASUS\AppData\Local\Temp\m2e-archetypeGenerator15745868332324582495":
2024-02-27 16:37:40,520 [Worker-68: Launching mavenrun-2d891d13-a321-4298-8e7f-335688fbee63] INFO  o.e.m.i.launch.MavenLaunchDelegate -  mvn  -DarchetypeGroupId=org.apache.maven.archetypes -DarchetypeArtifactId=maven-archetype-webapp -DarchetypeVersion=1.0 -DgroupId=jp.ivs -DartifactId=SpringMVCBai1Maven -Dversion=0.0.1-SNAPSHOT -Dpackage=jp.ivs.SpringMVCBai1Maven -DoutputDirectory=D:\Web\63130584_Web2 -Dstyle.color=always -U archetype:generate
2024-02-27 16:41:58,642 [Worker-73: Launching mavenrun-d94e899c-e717-4ece-b15b-97fbbc36d9da] INFO  o.eclipse.m2e.core.internal.Bundles - getClasspathEntries(Bundle=org.eclipse.m2e.maven.runtime_3.9.500.20231113-2345 [626])
2024-02-27 16:41:58,642 [Worker-73: Launching mavenrun-d94e899c-e717-4ece-b15b-97fbbc36d9da] INFO  o.eclipse.m2e.core.internal.Bundles - 	Entry: C:\Users\ASUS\.p2\pool\plugins\org.eclipse.m2e.maven.runtime_3.9.500.20231113-2345
2024-02-27 16:41:58,642 [Worker-73: Launching mavenrun-d94e899c-e717-4ece-b15b-97fbbc36d9da] INFO  o.eclipse.m2e.core.internal.Bundles - 	Entry: C:\Users\ASUS\.p2\pool\plugins\org.eclipse.m2e.maven.runtime_3.9.500.20231113-2345\jars\aopalliance-1.0.jar
2024-02-27 16:41:58,642 [Worker-73: Launching mavenrun-d94e899c-e717-4ece-b15b-97fbbc36d9da] INFO  o.eclipse.m2e.core.internal.Bundles - 	Entry: C:\Users\ASUS\.p2\pool\plugins\org.eclipse.m2e.maven.runtime_3.9.500.20231113-2345\jars\guice-5.1.0.jar
2024-02-27 16:41:58,642 [Worker-73: Launching mavenrun-d94e899c-e717-4ece-b15b-97fbbc36d9da] INFO  o.eclipse.m2e.core.internal.Bundles - 	Entry: C:\Users\ASUS\.p2\pool\plugins\org.eclipse.m2e.maven.runtime_3.9.500.20231113-2345\jars\httpclient-4.5.14.jar
2024-02-27 16:41:58,644 [Worker-73: Launching mavenrun-d94e899c-e717-4ece-b15b-97fbbc36d9da] INFO  o.eclipse.m2e.core.internal.Bundles - 	Entry: C:\Users\ASUS\.p2\pool\plugins\org.eclipse.m2e.maven.runtime_3.9.500.20231113-2345\jars\httpcore-4.4.16.jar
2024-02-27 16:41:58,644 [Worker-73: Launching mavenrun-d94e899c-e717-4ece-b15b-97fbbc36d9da] INFO  o.eclipse.m2e.core.internal.Bundles - 	Entry: C:\Users\ASUS\.p2\pool\plugins\org.eclipse.m2e.maven.runtime_3.9.500.20231113-2345\jars\jansi-2.4.0.jar
2024-02-27 16:41:58,644 [Worker-73: Launching mavenrun-d94e899c-e717-4ece-b15b-97fbbc36d9da] INFO  o.eclipse.m2e.core.internal.Bundles - 	Entry: C:\Users\ASUS\.p2\pool\plugins\org.eclipse.m2e.maven.runtime_3.9.500.20231113-2345\jars\jcl-over-slf4j-1.7.36.jar
2024-02-27 16:41:58,644 [Worker-73: Launching mavenrun-d94e899c-e717-4ece-b15b-97fbbc36d9da] INFO  o.eclipse.m2e.core.internal.Bundles - 	Entry: C:\Users\ASUS\.p2\pool\plugins\org.eclipse.m2e.maven.runtime_3.9.500.20231113-2345\jars\maven-artifact-3.9.5.jar
2024-02-27 16:41:58,644 [Worker-73: Launching mavenrun-d94e899c-e717-4ece-b15b-97fbbc36d9da] INFO  o.eclipse.m2e.core.internal.Bundles - 	Entry: C:\Users\ASUS\.p2\pool\plugins\org.eclipse.m2e.maven.runtime_3.9.500.20231113-2345\jars\maven-builder-support-3.9.5.jar
2024-02-27 16:41:58,644 [Worker-73: Launching mavenrun-d94e899c-e717-4ece-b15b-97fbbc36d9da] INFO  o.eclipse.m2e.core.internal.Bundles - 	Entry: C:\Users\ASUS\.p2\pool\plugins\org.eclipse.m2e.maven.runtime_3.9.500.20231113-2345\jars\maven-compat-3.9.5.jar
2024-02-27 16:41:58,644 [Worker-73: Launching mavenrun-d94e899c-e717-4ece-b15b-97fbbc36d9da] INFO  o.eclipse.m2e.core.internal.Bundles - 	Entry: C:\Users\ASUS\.p2\pool\plugins\org.eclipse.m2e.maven.runtime_3.9.500.20231113-2345\jars\maven-core-3.9.5.jar
2024-02-27 16:41:58,644 [Worker-73: Launching mavenrun-d94e899c-e717-4ece-b15b-97fbbc36d9da] INFO  o.eclipse.m2e.core.internal.Bundles - 	Entry: C:\Users\ASUS\.p2\pool\plugins\org.eclipse.m2e.maven.runtime_3.9.500.20231113-2345\jars\maven-embedder-3.9.5.jar
2024-02-27 16:41:58,644 [Worker-73: Launching mavenrun-d94e899c-e717-4ece-b15b-97fbbc36d9da] INFO  o.eclipse.m2e.core.internal.Bundles - 	Entry: C:\Users\ASUS\.p2\pool\plugins\org.eclipse.m2e.maven.runtime_3.9.500.20231113-2345\jars\maven-model-3.9.5.jar
2024-02-27 16:41:58,644 [Worker-73: Launching mavenrun-d94e899c-e717-4ece-b15b-97fbbc36d9da] INFO  o.eclipse.m2e.core.internal.Bundles - 	Entry: C:\Users\ASUS\.p2\pool\plugins\org.eclipse.m2e.maven.runtime_3.9.500.20231113-2345\jars\maven-model-builder-3.9.5.jar
2024-02-27 16:41:58,644 [Worker-73: Launching mavenrun-d94e899c-e717-4ece-b15b-97fbbc36d9da] INFO  o.eclipse.m2e.core.internal.Bundles - 	Entry: C:\Users\ASUS\.p2\pool\plugins\org.eclipse.m2e.maven.runtime_3.9.500.20231113-2345\jars\maven-plugin-api-3.9.5.jar
2024-02-27 16:41:58,644 [Worker-73: Launching mavenrun-d94e899c-e717-4ece-b15b-97fbbc36d9da] INFO  o.eclipse.m2e.core.internal.Bundles - 	Entry: C:\Users\ASUS\.p2\pool\plugins\org.eclipse.m2e.maven.runtime_3.9.500.20231113-2345\jars\maven-repository-metadata-3.9.5.jar
2024-02-27 16:41:58,644 [Worker-73: Launching mavenrun-d94e899c-e717-4ece-b15b-97fbbc36d9da] INFO  o.eclipse.m2e.core.internal.Bundles - 	Entry: C:\Users\ASUS\.p2\pool\plugins\org.eclipse.m2e.maven.runtime_3.9.500.20231113-2345\jars\maven-resolver-api-1.9.16.jar
2024-02-27 16:41:58,644 [Worker-73: Launching mavenrun-d94e899c-e717-4ece-b15b-97fbbc36d9da] INFO  o.eclipse.m2e.core.internal.Bundles - 	Entry: C:\Users\ASUS\.p2\pool\plugins\org.eclipse.m2e.maven.runtime_3.9.500.20231113-2345\jars\maven-resolver-connector-basic-1.9.16.jar
2024-02-27 16:41:58,644 [Worker-73: Launching mavenrun-d94e899c-e717-4ece-b15b-97fbbc36d9da] INFO  o.eclipse.m2e.core.internal.Bundles - 	Entry: C:\Users\ASUS\.p2\pool\plugins\org.eclipse.m2e.maven.runtime_3.9.500.20231113-2345\jars\maven-resolver-impl-1.9.16.jar
2024-02-27 16:41:58,644 [Worker-73: Launching mavenrun-d94e899c-e717-4ece-b15b-97fbbc36d9da] INFO  o.eclipse.m2e.core.internal.Bundles - 	Entry: C:\Users\ASUS\.p2\pool\plugins\org.eclipse.m2e.maven.runtime_3.9.500.20231113-2345\jars\maven-resolver-named-locks-1.9.16.jar
2024-02-27 16:41:58,644 [Worker-73: Launching mavenrun-d94e899c-e717-4ece-b15b-97fbbc36d9da] INFO  o.eclipse.m2e.core.internal.Bundles - 	Entry: C:\Users\ASUS\.p2\pool\plugins\org.eclipse.m2e.maven.runtime_3.9.500.20231113-2345\jars\maven-resolver-provider-3.9.5.jar
2024-02-27 16:41:58,645 [Worker-73: Launching mavenrun-d94e899c-e717-4ece-b15b-97fbbc36d9da] INFO  o.eclipse.m2e.core.internal.Bundles - 	Entry: C:\Users\ASUS\.p2\pool\plugins\org.eclipse.m2e.maven.runtime_3.9.500.20231113-2345\jars\maven-resolver-spi-1.9.16.jar
2024-02-27 16:41:58,645 [Worker-73: Launching mavenrun-d94e899c-e717-4ece-b15b-97fbbc36d9da] INFO  o.eclipse.m2e.core.internal.Bundles - 	Entry: C:\Users\ASUS\.p2\pool\plugins\org.eclipse.m2e.maven.runtime_3.9.500.20231113-2345\jars\maven-resolver-transport-file-1.9.16.jar
2024-02-27 16:41:58,645 [Worker-73: Launching mavenrun-d94e899c-e717-4ece-b15b-97fbbc36d9da] INFO  o.eclipse.m2e.core.internal.Bundles - 	Entry: C:\Users\ASUS\.p2\pool\plugins\org.eclipse.m2e.maven.runtime_3.9.500.20231113-2345\jars\maven-resolver-transport-http-1.9.16.jar
2024-02-27 16:41:58,645 [Worker-73: Launching mavenrun-d94e899c-e717-4ece-b15b-97fbbc36d9da] INFO  o.eclipse.m2e.core.internal.Bundles - 	Entry: C:\Users\ASUS\.p2\pool\plugins\org.eclipse.m2e.maven.runtime_3.9.500.20231113-2345\jars\maven-resolver-transport-wagon-1.9.16.jar
2024-02-27 16:41:58,645 [Worker-73: Launching mavenrun-d94e899c-e717-4ece-b15b-97fbbc36d9da] INFO  o.eclipse.m2e.core.internal.Bundles - 	Entry: C:\Users\ASUS\.p2\pool\plugins\org.eclipse.m2e.maven.runtime_3.9.500.20231113-2345\jars\maven-resolver-util-1.9.16.jar
2024-02-27 16:41:58,645 [Worker-73: Launching mavenrun-d94e899c-e717-4ece-b15b-97fbbc36d9da] INFO  o.eclipse.m2e.core.internal.Bundles - 	Entry: C:\Users\ASUS\.p2\pool\plugins\org.eclipse.m2e.maven.runtime_3.9.500.20231113-2345\jars\maven-settings-3.9.5.jar
2024-02-27 16:41:58,645 [Worker-73: Launching mavenrun-d94e899c-e717-4ece-b15b-97fbbc36d9da] INFO  o.eclipse.m2e.core.internal.Bundles - 	Entry: C:\Users\ASUS\.p2\pool\plugins\org.eclipse.m2e.maven.runtime_3.9.500.20231113-2345\jars\maven-settings-builder-3.9.5.jar
2024-02-27 16:41:58,645 [Worker-73: Launching mavenrun-d94e899c-e717-4ece-b15b-97fbbc36d9da] INFO  o.eclipse.m2e.core.internal.Bundles - 	Entry: C:\Users\ASUS\.p2\pool\plugins\org.eclipse.m2e.maven.runtime_3.9.500.20231113-2345\jars\maven-shared-utils-3.3.4.jar
2024-02-27 16:41:58,645 [Worker-73: Launching mavenrun-d94e899c-e717-4ece-b15b-97fbbc36d9da] INFO  o.eclipse.m2e.core.internal.Bundles - 	Entry: C:\Users\ASUS\.p2\pool\plugins\org.eclipse.m2e.maven.runtime_3.9.500.20231113-2345\jars\org.eclipse.sisu.inject-0.3.5.jar
2024-02-27 16:41:58,645 [Worker-73: Launching mavenrun-d94e899c-e717-4ece-b15b-97fbbc36d9da] INFO  o.eclipse.m2e.core.internal.Bundles - 	Entry: C:\Users\ASUS\.p2\pool\plugins\org.eclipse.m2e.maven.runtime_3.9.500.20231113-2345\jars\org.eclipse.sisu.plexus-0.3.5.jar
2024-02-27 16:41:58,645 [Worker-73: Launching mavenrun-d94e899c-e717-4ece-b15b-97fbbc36d9da] INFO  o.eclipse.m2e.core.internal.Bundles - 	Entry: C:\Users\ASUS\.p2\pool\plugins\org.eclipse.m2e.maven.runtime_3.9.500.20231113-2345\jars\plexus-build-api-0.0.7.jar
2024-02-27 16:41:58,645 [Worker-73: Launching mavenrun-d94e899c-e717-4ece-b15b-97fbbc36d9da] INFO  o.eclipse.m2e.core.internal.Bundles - 	Entry: C:\Users\ASUS\.p2\pool\plugins\org.eclipse.m2e.maven.runtime_3.9.500.20231113-2345\jars\plexus-cipher-2.0.jar
2024-02-27 16:41:58,645 [Worker-73: Launching mavenrun-d94e899c-e717-4ece-b15b-97fbbc36d9da] INFO  o.eclipse.m2e.core.internal.Bundles - 	Entry: C:\Users\ASUS\.p2\pool\plugins\org.eclipse.m2e.maven.runtime_3.9.500.20231113-2345\jars\plexus-classworlds-2.7.0.jar
2024-02-27 16:41:58,645 [Worker-73: Launching mavenrun-d94e899c-e717-4ece-b15b-97fbbc36d9da] INFO  o.eclipse.m2e.core.internal.Bundles - 	Entry: C:\Users\ASUS\.p2\pool\plugins\org.eclipse.m2e.maven.runtime_3.9.500.20231113-2345\jars\plexus-component-annotations-2.1.0.jar
2024-02-27 16:41:58,645 [Worker-73: Launching mavenrun-d94e899c-e717-4ece-b15b-97fbbc36d9da] INFO  o.eclipse.m2e.core.internal.Bundles - 	Entry: C:\Users\ASUS\.p2\pool\plugins\org.eclipse.m2e.maven.runtime_3.9.500.20231113-2345\jars\plexus-interpolation-1.26.jar
2024-02-27 16:41:58,646 [Worker-73: Launching mavenrun-d94e899c-e717-4ece-b15b-97fbbc36d9da] INFO  o.eclipse.m2e.core.internal.Bundles - 	Entry: C:\Users\ASUS\.p2\pool\plugins\org.eclipse.m2e.maven.runtime_3.9.500.20231113-2345\jars\plexus-sec-dispatcher-2.0.jar
2024-02-27 16:41:58,646 [Worker-73: Launching mavenrun-d94e899c-e717-4ece-b15b-97fbbc36d9da] INFO  o.eclipse.m2e.core.internal.Bundles - 	Entry: C:\Users\ASUS\.p2\pool\plugins\org.eclipse.m2e.maven.runtime_3.9.500.20231113-2345\jars\plexus-utils-3.5.1.jar
2024-02-27 16:41:58,646 [Worker-73: Launching mavenrun-d94e899c-e717-4ece-b15b-97fbbc36d9da] INFO  o.eclipse.m2e.core.internal.Bundles - 	Entry: C:\Users\ASUS\.p2\pool\plugins\org.eclipse.m2e.maven.runtime_3.9.500.20231113-2345\jars\wagon-file-3.5.3.jar
2024-02-27 16:41:58,646 [Worker-73: Launching mavenrun-d94e899c-e717-4ece-b15b-97fbbc36d9da] INFO  o.eclipse.m2e.core.internal.Bundles - 	Entry: C:\Users\ASUS\.p2\pool\plugins\org.eclipse.m2e.maven.runtime_3.9.500.20231113-2345\jars\wagon-http-3.5.3.jar
2024-02-27 16:41:58,646 [Worker-73: Launching mavenrun-d94e899c-e717-4ece-b15b-97fbbc36d9da] INFO  o.eclipse.m2e.core.internal.Bundles - 	Entry: C:\Users\ASUS\.p2\pool\plugins\org.eclipse.m2e.maven.runtime_3.9.500.20231113-2345\jars\wagon-http-shared-3.5.3.jar
2024-02-27 16:41:58,646 [Worker-73: Launching mavenrun-d94e899c-e717-4ece-b15b-97fbbc36d9da] INFO  o.eclipse.m2e.core.internal.Bundles - 	Entry: C:\Users\ASUS\.p2\pool\plugins\org.eclipse.m2e.maven.runtime_3.9.500.20231113-2345\jars\wagon-provider-api-3.5.3.jar
2024-02-27 16:41:58,646 [Worker-73: Launching mavenrun-d94e899c-e717-4ece-b15b-97fbbc36d9da] INFO  o.eclipse.m2e.core.internal.Bundles - getClasspathEntries(Bundle=com.google.guava_32.1.3.jre [12])
2024-02-27 16:41:58,646 [Worker-73: Launching mavenrun-d94e899c-e717-4ece-b15b-97fbbc36d9da] INFO  o.eclipse.m2e.core.internal.Bundles - 	Entry: C:\Users\ASUS\.p2\pool\plugins\com.google.guava_32.1.3.jre.jar
2024-02-27 16:41:58,646 [Worker-73: Launching mavenrun-d94e899c-e717-4ece-b15b-97fbbc36d9da] INFO  o.eclipse.m2e.core.internal.Bundles - getClasspathEntries(Bundle=slf4j.api_2.0.11 [986])
2024-02-27 16:41:58,646 [Worker-73: Launching mavenrun-d94e899c-e717-4ece-b15b-97fbbc36d9da] INFO  o.eclipse.m2e.core.internal.Bundles - 	Entry: C:\Users\ASUS\.p2\pool\plugins\slf4j.api_2.0.11.jar
2024-02-27 16:41:58,646 [Worker-73: Launching mavenrun-d94e899c-e717-4ece-b15b-97fbbc36d9da] INFO  o.eclipse.m2e.core.internal.Bundles - getClasspathEntries(Bundle=jakarta.inject.jakarta.inject-api_1.0.5 [29])
2024-02-27 16:41:58,647 [Worker-73: Launching mavenrun-d94e899c-e717-4ece-b15b-97fbbc36d9da] INFO  o.eclipse.m2e.core.internal.Bundles - 	Entry: C:\Users\ASUS\.p2\pool\plugins\jakarta.inject.jakarta.inject-api_1.0.5.jar
2024-02-27 16:41:58,647 [Worker-73: Launching mavenrun-d94e899c-e717-4ece-b15b-97fbbc36d9da] INFO  o.eclipse.m2e.core.internal.Bundles - getClasspathEntries(Bundle=jakarta.annotation-api_1.3.5 [24])
2024-02-27 16:41:58,647 [Worker-73: Launching mavenrun-d94e899c-e717-4ece-b15b-97fbbc36d9da] INFO  o.eclipse.m2e.core.internal.Bundles - 	Entry: C:\Users\ASUS\.p2\pool\plugins\jakarta.annotation-api_1.3.5.jar
2024-02-27 16:41:58,647 [Worker-73: Launching mavenrun-d94e899c-e717-4ece-b15b-97fbbc36d9da] INFO  o.eclipse.m2e.core.internal.Bundles - getClasspathEntries(Bundle=org.apache.commons.cli_1.6.0 [71])
2024-02-27 16:41:58,647 [Worker-73: Launching mavenrun-d94e899c-e717-4ece-b15b-97fbbc36d9da] INFO  o.eclipse.m2e.core.internal.Bundles - 	Entry: C:\Users\ASUS\.p2\pool\plugins\org.apache.commons.cli_1.6.0.jar
2024-02-27 16:41:58,647 [Worker-73: Launching mavenrun-d94e899c-e717-4ece-b15b-97fbbc36d9da] INFO  o.eclipse.m2e.core.internal.Bundles - getClasspathEntries(Bundle=org.apache.commons.commons-codec_1.16.0 [75])
2024-02-27 16:41:58,647 [Worker-73: Launching mavenrun-d94e899c-e717-4ece-b15b-97fbbc36d9da] INFO  o.eclipse.m2e.core.internal.Bundles - 	Entry: C:\Users\ASUS\.p2\pool\plugins\org.apache.commons.commons-codec_1.16.0.jar
2024-02-27 16:41:58,647 [Worker-73: Launching mavenrun-d94e899c-e717-4ece-b15b-97fbbc36d9da] INFO  o.eclipse.m2e.core.internal.Bundles - getClasspathEntries(Bundle=org.apache.commons.lang3_3.13.0 [82])
2024-02-27 16:41:58,647 [Worker-73: Launching mavenrun-d94e899c-e717-4ece-b15b-97fbbc36d9da] INFO  o.eclipse.m2e.core.internal.Bundles - 	Entry: C:\Users\ASUS\.p2\pool\plugins\org.apache.commons.lang3_3.13.0.jar
2024-02-27 16:41:58,647 [Worker-73: Launching mavenrun-d94e899c-e717-4ece-b15b-97fbbc36d9da] INFO  o.eclipse.m2e.core.internal.Bundles - getClasspathEntries(Bundle=com.google.guava.failureaccess_1.0.2 [13])
2024-02-27 16:41:58,647 [Worker-73: Launching mavenrun-d94e899c-e717-4ece-b15b-97fbbc36d9da] INFO  o.eclipse.m2e.core.internal.Bundles - 	Entry: C:\Users\ASUS\.p2\pool\plugins\com.google.guava.failureaccess_1.0.2.jar
2024-02-27 16:41:58,648 [Worker-73: Launching mavenrun-d94e899c-e717-4ece-b15b-97fbbc36d9da] INFO  o.e.m.i.launch.MavenLaunchDelegate - Run build in "C:\Users\ASUS\AppData\Local\Temp\m2e-archetypeGenerator17114524289712862532":
2024-02-27 16:41:58,648 [Worker-73: Launching mavenrun-d94e899c-e717-4ece-b15b-97fbbc36d9da] INFO  o.e.m.i.launch.MavenLaunchDelegate -  mvn  -DarchetypeGroupId=org.apache.maven.archetypes -DarchetypeArtifactId=maven-archetype-webapp -DarchetypeVersion=1.0 -DgroupId=jp.ivs -DartifactId=SpringMVCBai1Maven -Dversion=0.0.1-SNAPSHOT -Dpackage=jp.ivs.SpringMVCBai1Maven -DoutputDirectory=D:\Web\63130584_Web2 -Dstyle.color=always -U archetype:generate
2024-02-27 16:45:20,042 [Worker-74: Creating maven-archetype-webapp] INFO  o.e.m.c.i.p.ProjectConfigurationManager - Collecting project info '/pom.xml' D:\Web\63130584_Web2\SpringMVCBai1Maven\pom.xml
2024-02-27 16:45:21,178 [Worker-74: Creating maven-archetype-webapp] INFO  o.e.m.c.i.e.AbstractTransferListenerAdapter - Downloading https://repo.maven.apache.org/maven2/org/apache/maven/plugins/maven-resources-plugin/3.3.1/maven-resources-plugin-3.3.1.jar
2024-02-27 16:45:21,199 [Worker-74: Creating maven-archetype-webapp] INFO  o.e.m.c.i.e.AbstractTransferListenerAdapter - Downloaded https://repo.maven.apache.org/maven2/org/apache/maven/plugins/maven-resources-plugin/3.3.1/maven-resources-plugin-3.3.1.jar
2024-02-27 16:45:21,527 [Worker-74: Creating maven-archetype-webapp] INFO  o.e.m.c.i.e.AbstractTransferListenerAdapter - Downloading https://repo.maven.apache.org/maven2/org/apache/maven/plugins/maven-surefire-plugin/3.1.2/maven-surefire-plugin-3.1.2.jar
2024-02-27 16:45:21,540 [Worker-74: Creating maven-archetype-webapp] INFO  o.e.m.c.i.e.AbstractTransferListenerAdapter - Downloaded https://repo.maven.apache.org/maven2/org/apache/maven/plugins/maven-surefire-plugin/3.1.2/maven-surefire-plugin-3.1.2.jar
2024-02-27 16:45:21,787 [Worker-74: Creating maven-archetype-webapp] INFO  o.e.m.c.i.e.AbstractTransferListenerAdapter - Downloading https://repo.maven.apache.org/maven2/org/apache/maven/plugins/maven-war-plugin/3.4.0/maven-war-plugin-3.4.0.jar
2024-02-27 16:45:22,324 [Worker-74: Creating maven-archetype-webapp] INFO  o.e.m.c.i.e.AbstractTransferListenerAdapter - Downloaded https://repo.maven.apache.org/maven2/org/apache/maven/plugins/maven-war-plugin/3.4.0/maven-war-plugin-3.4.0.jar
2024-02-27 16:45:23,549 [Worker-74: Creating maven-archetype-webapp] INFO  o.e.m.c.i.l.LifecycleMappingFactory - Using org.maven.ide.eclipse.wtp.WarLifecycleMapping lifecycle mapping for MavenProject: jp.ivs:SpringMVCBai1Maven:0.0.1-SNAPSHOT @ D:\Web\63130584_Web2\SpringMVCBai1Maven\pom.xml.
2024-02-27 16:45:23,667 [Worker-74: Creating maven-archetype-webapp] INFO  o.e.m.c.i.e.AbstractTransferListenerAdapter - Downloading https://repo.maven.apache.org/maven2/junit/junit/3.8.1/junit-3.8.1.pom
2024-02-27 16:45:23,672 [Worker-74: Creating maven-archetype-webapp] INFO  o.e.m.c.i.e.AbstractTransferListenerAdapter - Downloaded https://repo.maven.apache.org/maven2/junit/junit/3.8.1/junit-3.8.1.pom
2024-02-27 16:45:23,804 [Worker-74: Creating maven-archetype-webapp] INFO  o.e.m.c.i.e.AbstractTransferListenerAdapter - Downloading https://repo.maven.apache.org/maven2/junit/junit/3.8.1/junit-3.8.1.jar
2024-02-27 16:45:23,949 [Worker-74: Creating maven-archetype-webapp] INFO  o.e.m.c.i.e.AbstractTransferListenerAdapter - Downloaded https://repo.maven.apache.org/maven2/junit/junit/3.8.1/junit-3.8.1.jar
2024-02-27 16:45:24,085 [Worker-74: Creating maven-archetype-webapp] INFO  o.e.m.c.i.e.AbstractTransferListenerAdapter - Downloading https://repo.maven.apache.org/maven2/org/apache/maven/plugins/maven-resources-plugin/3.3.1/maven-resources-plugin-3.3.1.pom
2024-02-27 16:45:24,090 [Worker-74: Creating maven-archetype-webapp] INFO  o.e.m.c.i.e.AbstractTransferListenerAdapter - Downloaded https://repo.maven.apache.org/maven2/org/apache/maven/plugins/maven-resources-plugin/3.3.1/maven-resources-plugin-3.3.1.pom
2024-02-27 16:45:24,225 [Worker-74: Creating maven-archetype-webapp] INFO  o.e.m.c.i.e.AbstractTransferListenerAdapter - Downloading https://repo.maven.apache.org/maven2/org/apache/maven/plugins/maven-surefire-plugin/3.1.2/maven-surefire-plugin-3.1.2.pom
2024-02-27 16:45:24,230 [Worker-74: Creating maven-archetype-webapp] INFO  o.e.m.c.i.e.AbstractTransferListenerAdapter - Downloaded https://repo.maven.apache.org/maven2/org/apache/maven/plugins/maven-surefire-plugin/3.1.2/maven-surefire-plugin-3.1.2.pom
2024-02-27 16:45:24,357 [Worker-74: Creating maven-archetype-webapp] INFO  o.e.m.c.i.e.AbstractTransferListenerAdapter - Downloading https://repo.maven.apache.org/maven2/org/apache/maven/surefire/surefire/3.1.2/surefire-3.1.2.pom
2024-02-27 16:45:24,362 [Worker-74: Creating maven-archetype-webapp] INFO  o.e.m.c.i.e.AbstractTransferListenerAdapter - Downloaded https://repo.maven.apache.org/maven2/org/apache/maven/surefire/surefire/3.1.2/surefire-3.1.2.pom
2024-02-27 16:45:24,470 [Worker-74: Creating maven-archetype-webapp] INFO  o.e.m.c.i.e.AbstractTransferListenerAdapter - Downloading https://repo.maven.apache.org/maven2/org/apache/maven/plugins/maven-war-plugin/3.4.0/maven-war-plugin-3.4.0.pom
2024-02-27 16:45:24,473 [Worker-74: Creating maven-archetype-webapp] INFO  o.e.m.c.i.e.AbstractTransferListenerAdapter - Downloaded https://repo.maven.apache.org/maven2/org/apache/maven/plugins/maven-war-plugin/3.4.0/maven-war-plugin-3.4.0.pom
2024-02-27 16:45:24,691 [Worker-74: Creating maven-archetype-webapp] INFO  o.e.m.c.i.e.AbstractTransferListenerAdapter - Downloading https://repo.maven.apache.org/maven2/org/apache/maven/maven-archiver/3.6.0/maven-archiver-3.6.0.pom
2024-02-27 16:45:24,694 [Worker-74: Creating maven-archetype-webapp] INFO  o.e.m.c.i.e.AbstractTransferListenerAdapter - Downloaded https://repo.maven.apache.org/maven2/org/apache/maven/maven-archiver/3.6.0/maven-archiver-3.6.0.pom
2024-02-27 16:45:24,813 [Worker-74: Creating maven-archetype-webapp] INFO  o.e.m.c.i.e.AbstractTransferListenerAdapter - Downloading https://repo.maven.apache.org/maven2/org/codehaus/plexus/plexus-io/3.4.0/plexus-io-3.4.0.pom
2024-02-27 16:45:24,819 [Worker-74: Creating maven-archetype-webapp] INFO  o.e.m.c.i.e.AbstractTransferListenerAdapter - Downloaded https://repo.maven.apache.org/maven2/org/codehaus/plexus/plexus-io/3.4.0/plexus-io-3.4.0.pom
2024-02-27 16:45:25,034 [Worker-74: Creating maven-archetype-webapp] INFO  o.e.m.c.i.e.AbstractTransferListenerAdapter - Downloading https://repo.maven.apache.org/maven2/org/codehaus/plexus/plexus-archiver/4.4.0/plexus-archiver-4.4.0.pom
2024-02-27 16:45:25,037 [Worker-74: Creating maven-archetype-webapp] INFO  o.e.m.c.i.e.AbstractTransferListenerAdapter - Downloaded https://repo.maven.apache.org/maven2/org/codehaus/plexus/plexus-archiver/4.4.0/plexus-archiver-4.4.0.pom
2024-02-27 16:45:25,245 [Worker-74: Creating maven-archetype-webapp] INFO  o.e.m.c.i.e.AbstractTransferListenerAdapter - Downloading https://repo.maven.apache.org/maven2/org/apache/maven/shared/maven-shared-utils/3.4.2/maven-shared-utils-3.4.2.pom
2024-02-27 16:45:25,249 [Worker-74: Creating maven-archetype-webapp] INFO  o.e.m.c.i.e.AbstractTransferListenerAdapter - Downloaded https://repo.maven.apache.org/maven2/org/apache/maven/shared/maven-shared-utils/3.4.2/maven-shared-utils-3.4.2.pom
2024-02-27 16:45:25,347 [Worker-74: Creating maven-archetype-webapp] INFO  o.e.m.c.i.e.AbstractTransferListenerAdapter - Downloading https://repo.maven.apache.org/maven2/org/apache/maven/shared/maven-shared-components/39/maven-shared-components-39.pom
2024-02-27 16:45:25,352 [Worker-74: Creating maven-archetype-webapp] INFO  o.e.m.c.i.e.AbstractTransferListenerAdapter - Downloaded https://repo.maven.apache.org/maven2/org/apache/maven/shared/maven-shared-components/39/maven-shared-components-39.pom
2024-02-27 16:45:25,446 [Worker-74: Creating maven-archetype-webapp] INFO  o.e.m.c.i.e.AbstractTransferListenerAdapter - Downloading https://repo.maven.apache.org/maven2/commons-io/commons-io/2.13.0/commons-io-2.13.0.pom
2024-02-27 16:45:25,450 [Worker-74: Creating maven-archetype-webapp] INFO  o.e.m.c.i.e.AbstractTransferListenerAdapter - Downloaded https://repo.maven.apache.org/maven2/commons-io/commons-io/2.13.0/commons-io-2.13.0.pom
2024-02-27 16:45:25,602 [Worker-74: Creating maven-archetype-webapp] INFO  o.e.m.c.i.e.AbstractTransferListenerAdapter - Downloading https://repo.maven.apache.org/maven2/org/apache/commons/commons-parent/58/commons-parent-58.pom
2024-02-27 16:45:25,777 [Worker-74: Creating maven-archetype-webapp] INFO  o.e.m.c.i.e.AbstractTransferListenerAdapter - Downloaded https://repo.maven.apache.org/maven2/org/apache/commons/commons-parent/58/commons-parent-58.pom
2024-02-27 16:45:25,893 [Worker-74: Creating maven-archetype-webapp] INFO  o.e.m.c.i.e.AbstractTransferListenerAdapter - Downloading https://repo.maven.apache.org/maven2/org/junit/junit-bom/5.9.3/junit-bom-5.9.3.pom
2024-02-27 16:45:25,897 [Worker-74: Creating maven-archetype-webapp] INFO  o.e.m.c.i.e.AbstractTransferListenerAdapter - Downloaded https://repo.maven.apache.org/maven2/org/junit/junit-bom/5.9.3/junit-bom-5.9.3.pom
2024-02-27 16:45:26,030 [Worker-74: Creating maven-archetype-webapp] INFO  o.e.m.c.i.e.AbstractTransferListenerAdapter - Downloading https://repo.maven.apache.org/maven2/org/codehaus/plexus/plexus-archiver/4.7.1/plexus-archiver-4.7.1.pom
2024-02-27 16:45:26,034 [Worker-74: Creating maven-archetype-webapp] INFO  o.e.m.c.i.e.AbstractTransferListenerAdapter - Downloaded https://repo.maven.apache.org/maven2/org/codehaus/plexus/plexus-archiver/4.7.1/plexus-archiver-4.7.1.pom
2024-02-27 16:45:26,173 [Worker-74: Creating maven-archetype-webapp] INFO  o.e.m.c.i.e.AbstractTransferListenerAdapter - Downloading https://repo.maven.apache.org/maven2/org/codehaus/plexus/plexus-io/3.4.1/plexus-io-3.4.1.pom
2024-02-27 16:45:26,176 [Worker-74: Creating maven-archetype-webapp] INFO  o.e.m.c.i.e.AbstractTransferListenerAdapter - Downloaded https://repo.maven.apache.org/maven2/org/codehaus/plexus/plexus-io/3.4.1/plexus-io-3.4.1.pom
2024-02-27 16:45:26,312 [Worker-74: Creating maven-archetype-webapp] INFO  o.e.m.c.i.e.AbstractTransferListenerAdapter - Downloading https://repo.maven.apache.org/maven2/org/apache/commons/commons-compress/1.23.0/commons-compress-1.23.0.pom
2024-02-27 16:45:26,316 [Worker-74: Creating maven-archetype-webapp] INFO  o.e.m.c.i.e.AbstractTransferListenerAdapter - Downloaded https://repo.maven.apache.org/maven2/org/apache/commons/commons-compress/1.23.0/commons-compress-1.23.0.pom
2024-02-27 16:45:26,452 [Worker-74: Creating maven-archetype-webapp] INFO  o.e.m.c.i.e.AbstractTransferListenerAdapter - Downloading https://repo.maven.apache.org/maven2/org/apache/commons/commons-parent/56/commons-parent-56.pom
2024-02-27 16:45:26,527 [Worker-74: Creating maven-archetype-webapp] INFO  o.e.m.c.i.e.AbstractTransferListenerAdapter - Downloaded https://repo.maven.apache.org/maven2/org/apache/commons/commons-parent/56/commons-parent-56.pom
2024-02-27 16:45:26,664 [Worker-74: Creating maven-archetype-webapp] INFO  o.e.m.c.i.e.AbstractTransferListenerAdapter - Downloading https://repo.maven.apache.org/maven2/com/github/luben/zstd-jni/1.5.5-2/zstd-jni-1.5.5-2.pom
2024-02-27 16:45:26,668 [Worker-74: Creating maven-archetype-webapp] INFO  o.e.m.c.i.e.AbstractTransferListenerAdapter - Downloaded https://repo.maven.apache.org/maven2/com/github/luben/zstd-jni/1.5.5-2/zstd-jni-1.5.5-2.pom
2024-02-27 16:45:26,801 [Worker-74: Creating maven-archetype-webapp] INFO  o.e.m.c.i.e.AbstractTransferListenerAdapter - Downloading https://repo.maven.apache.org/maven2/org/codehaus/plexus/plexus-utils/3.5.1/plexus-utils-3.5.1.pom
2024-02-27 16:45:26,804 [Worker-74: Creating maven-archetype-webapp] INFO  o.e.m.c.i.e.AbstractTransferListenerAdapter - Downloaded https://repo.maven.apache.org/maven2/org/codehaus/plexus/plexus-utils/3.5.1/plexus-utils-3.5.1.pom
2024-02-27 16:45:26,941 [Worker-74: Creating maven-archetype-webapp] INFO  o.e.m.c.i.e.AbstractTransferListenerAdapter - Downloading https://repo.maven.apache.org/maven2/org/apache/maven/shared/maven-filtering/3.3.1/maven-filtering-3.3.1.pom
2024-02-27 16:45:26,945 [Worker-74: Creating maven-archetype-webapp] INFO  o.e.m.c.i.e.AbstractTransferListenerAdapter - Downloaded https://repo.maven.apache.org/maven2/org/apache/maven/shared/maven-filtering/3.3.1/maven-filtering-3.3.1.pom
2024-02-27 16:45:27,130 [Worker-74: Creating maven-archetype-webapp] INFO  o.e.m.c.i.e.AbstractTransferListenerAdapter - Downloading https://repo.maven.apache.org/maven2/org/apache/maven/shared/maven-mapping/3.0.0/maven-mapping-3.0.0.pom
2024-02-27 16:45:27,135 [Worker-74: Creating maven-archetype-webapp] INFO  o.e.m.c.i.e.AbstractTransferListenerAdapter - Downloaded https://repo.maven.apache.org/maven2/org/apache/maven/shared/maven-mapping/3.0.0/maven-mapping-3.0.0.pom
2024-02-27 16:45:27,289 [Worker-74: Creating maven-archetype-webapp] INFO  o.e.m.c.i.e.AbstractTransferListenerAdapter - Downloading https://repo.maven.apache.org/maven2/org/apache/maven/shared/maven-shared-components/22/maven-shared-components-22.pom
2024-02-27 16:45:27,292 [Worker-74: Creating maven-archetype-webapp] INFO  o.e.m.c.i.e.AbstractTransferListenerAdapter - Downloaded https://repo.maven.apache.org/maven2/org/apache/maven/shared/maven-shared-components/22/maven-shared-components-22.pom
2024-02-27 16:45:27,440 [Worker-74: Creating maven-archetype-webapp] INFO  o.e.m.c.i.e.AbstractTransferListenerAdapter - Downloading https://repo.maven.apache.org/maven2/org/apache/maven/maven-parent/27/maven-parent-27.pom
2024-02-27 16:45:27,487 [Worker-74: Creating maven-archetype-webapp] INFO  o.e.m.c.i.e.AbstractTransferListenerAdapter - Downloaded https://repo.maven.apache.org/maven2/org/apache/maven/maven-parent/27/maven-parent-27.pom
2024-02-27 16:45:27,546 [Worker-74: Creating maven-archetype-webapp] INFO  o.e.m.c.i.e.AbstractTransferListenerAdapter - Downloading https://repo.maven.apache.org/maven2/org/apache/apache/17/apache-17.pom
2024-02-27 16:45:27,597 [Worker-74: Creating maven-archetype-webapp] INFO  o.e.m.c.i.e.AbstractTransferListenerAdapter - Downloaded https://repo.maven.apache.org/maven2/org/apache/apache/17/apache-17.pom
2024-02-27 16:45:28,044 [Worker-74: Creating maven-archetype-webapp] INFO  o.e.m.c.i.e.AbstractTransferListenerAdapter - Downloading https://repo.maven.apache.org/maven2/org/codehaus/plexus/plexus-component-annotations/1.5.4/plexus-component-annotations-1.5.4.pom
2024-02-27 16:45:28,049 [Worker-74: Creating maven-archetype-webapp] INFO  o.e.m.c.i.e.AbstractTransferListenerAdapter - Downloaded https://repo.maven.apache.org/maven2/org/codehaus/plexus/plexus-component-annotations/1.5.4/plexus-component-annotations-1.5.4.pom
2024-02-27 16:45:28,103 [Worker-74: Creating maven-archetype-webapp] INFO  o.e.m.c.i.e.AbstractTransferListenerAdapter - Downloading https://repo.maven.apache.org/maven2/org/codehaus/plexus/plexus-containers/1.5.4/plexus-containers-1.5.4.pom
2024-02-27 16:45:28,106 [Worker-74: Creating maven-archetype-webapp] INFO  o.e.m.c.i.e.AbstractTransferListenerAdapter - Downloaded https://repo.maven.apache.org/maven2/org/codehaus/plexus/plexus-containers/1.5.4/plexus-containers-1.5.4.pom
2024-02-27 16:45:28,401 [Worker-74: Creating maven-archetype-webapp] INFO  o.e.m.c.i.e.AbstractTransferListenerAdapter - Downloading https://repo.maven.apache.org/maven2/org/codehaus/plexus/plexus/2.0.5/plexus-2.0.5.pom
2024-02-27 16:45:28,404 [Worker-74: Creating maven-archetype-webapp] INFO  o.e.m.c.i.e.AbstractTransferListenerAdapter - Downloaded https://repo.maven.apache.org/maven2/org/codehaus/plexus/plexus/2.0.5/plexus-2.0.5.pom
2024-02-27 16:45:28,716 [Worker-74: Creating maven-archetype-webapp] INFO  o.e.m.c.i.e.AbstractTransferListenerAdapter - Downloading https://repo.maven.apache.org/maven2/org/apache/maven/maven-archiver/3.6.0/maven-archiver-3.6.0.jar
2024-02-27 16:45:28,775 [Worker-74: Creating maven-archetype-webapp] INFO  o.e.m.c.i.e.AbstractTransferListenerAdapter - Downloaded https://repo.maven.apache.org/maven2/org/apache/maven/maven-archiver/3.6.0/maven-archiver-3.6.0.jar
2024-02-27 16:45:28,813 [BasicRepositoryConnector-repo.maven.apache.org-0-0] INFO  o.e.m.c.i.e.AbstractTransferListenerAdapter - Downloading https://repo.maven.apache.org/maven2/org/codehaus/plexus/plexus-io/3.4.0/plexus-io-3.4.0.jar
2024-02-27 16:45:28,881 [BasicRepositoryConnector-repo.maven.apache.org-0-0] INFO  o.e.m.c.i.e.AbstractTransferListenerAdapter - Downloaded https://repo.maven.apache.org/maven2/org/codehaus/plexus/plexus-io/3.4.0/plexus-io-3.4.0.jar
2024-02-27 16:45:28,899 [BasicRepositoryConnector-repo.maven.apache.org-0-3] INFO  o.e.m.c.i.e.AbstractTransferListenerAdapter - Downloading https://repo.maven.apache.org/maven2/org/codehaus/plexus/plexus-archiver/4.7.1/plexus-archiver-4.7.1.jar
2024-02-27 16:45:28,903 [BasicRepositoryConnector-repo.maven.apache.org-0-4] INFO  o.e.m.c.i.e.AbstractTransferListenerAdapter - Downloading https://repo.maven.apache.org/maven2/org/apache/commons/commons-compress/1.23.0/commons-compress-1.23.0.jar
2024-02-27 16:45:28,907 [BasicRepositoryConnector-repo.maven.apache.org-0-1] INFO  o.e.m.c.i.e.AbstractTransferListenerAdapter - Downloading https://repo.maven.apache.org/maven2/org/apache/maven/shared/maven-shared-utils/3.4.2/maven-shared-utils-3.4.2.jar
2024-02-27 16:45:28,917 [BasicRepositoryConnector-repo.maven.apache.org-0-0] INFO  o.e.m.c.i.e.AbstractTransferListenerAdapter - Downloading https://repo.maven.apache.org/maven2/org/tukaani/xz/1.9/xz-1.9.jar
2024-02-27 16:45:28,922 [BasicRepositoryConnector-repo.maven.apache.org-0-2] INFO  o.e.m.c.i.e.AbstractTransferListenerAdapter - Downloading https://repo.maven.apache.org/maven2/commons-io/commons-io/2.13.0/commons-io-2.13.0.jar
2024-02-27 16:45:29,534 [BasicRepositoryConnector-repo.maven.apache.org-0-1] INFO  o.e.m.c.i.e.AbstractTransferListenerAdapter - Downloaded https://repo.maven.apache.org/maven2/org/apache/maven/shared/maven-shared-utils/3.4.2/maven-shared-utils-3.4.2.jar
2024-02-27 16:45:29,572 [BasicRepositoryConnector-repo.maven.apache.org-0-1] INFO  o.e.m.c.i.e.AbstractTransferListenerAdapter - Downloading https://repo.maven.apache.org/maven2/com/github/luben/zstd-jni/1.5.5-2/zstd-jni-1.5.5-2.jar
2024-02-27 16:45:30,173 [BasicRepositoryConnector-repo.maven.apache.org-0-2] INFO  o.e.m.c.i.e.AbstractTransferListenerAdapter - Downloaded https://repo.maven.apache.org/maven2/commons-io/commons-io/2.13.0/commons-io-2.13.0.jar
2024-02-27 16:45:30,207 [BasicRepositoryConnector-repo.maven.apache.org-0-2] INFO  o.e.m.c.i.e.AbstractTransferListenerAdapter - Downloading https://repo.maven.apache.org/maven2/org/codehaus/plexus/plexus-utils/3.5.1/plexus-utils-3.5.1.jar
2024-02-27 16:45:30,316 [BasicRepositoryConnector-repo.maven.apache.org-0-0] INFO  o.e.m.c.i.e.AbstractTransferListenerAdapter - Downloaded https://repo.maven.apache.org/maven2/org/tukaani/xz/1.9/xz-1.9.jar
2024-02-27 16:45:30,352 [BasicRepositoryConnector-repo.maven.apache.org-0-0] INFO  o.e.m.c.i.e.AbstractTransferListenerAdapter - Downloading https://repo.maven.apache.org/maven2/org/apache/maven/shared/maven-filtering/3.3.1/maven-filtering-3.3.1.jar
2024-02-27 16:45:30,669 [BasicRepositoryConnector-repo.maven.apache.org-0-0] INFO  o.e.m.c.i.e.AbstractTransferListenerAdapter - Downloaded https://repo.maven.apache.org/maven2/org/apache/maven/shared/maven-filtering/3.3.1/maven-filtering-3.3.1.jar
2024-02-27 16:45:30,706 [BasicRepositoryConnector-repo.maven.apache.org-0-0] INFO  o.e.m.c.i.e.AbstractTransferListenerAdapter - Downloading https://repo.maven.apache.org/maven2/org/apache/maven/shared/maven-mapping/3.0.0/maven-mapping-3.0.0.jar
2024-02-27 16:45:30,759 [BasicRepositoryConnector-repo.maven.apache.org-0-0] INFO  o.e.m.c.i.e.AbstractTransferListenerAdapter - Downloaded https://repo.maven.apache.org/maven2/org/apache/maven/shared/maven-mapping/3.0.0/maven-mapping-3.0.0.jar
2024-02-27 16:45:30,794 [BasicRepositoryConnector-repo.maven.apache.org-0-0] INFO  o.e.m.c.i.e.AbstractTransferListenerAdapter - Downloading https://repo.maven.apache.org/maven2/org/apache/maven/maven-core/3.0/maven-core-3.0.jar
2024-02-27 16:45:31,726 [BasicRepositoryConnector-repo.maven.apache.org-0-2] INFO  o.e.m.c.i.e.AbstractTransferListenerAdapter - Downloaded https://repo.maven.apache.org/maven2/org/codehaus/plexus/plexus-utils/3.5.1/plexus-utils-3.5.1.jar
2024-02-27 16:45:31,759 [BasicRepositoryConnector-repo.maven.apache.org-0-2] INFO  o.e.m.c.i.e.AbstractTransferListenerAdapter - Downloading https://repo.maven.apache.org/maven2/org/apache/maven/maven-model/3.0/maven-model-3.0.jar
2024-02-27 16:45:32,653 [BasicRepositoryConnector-repo.maven.apache.org-0-0] INFO  o.e.m.c.i.e.AbstractTransferListenerAdapter - Downloaded https://repo.maven.apache.org/maven2/org/apache/maven/maven-core/3.0/maven-core-3.0.jar
2024-02-27 16:45:32,689 [BasicRepositoryConnector-repo.maven.apache.org-0-0] INFO  o.e.m.c.i.e.AbstractTransferListenerAdapter - Downloading https://repo.maven.apache.org/maven2/org/apache/maven/maven-settings-builder/3.0/maven-settings-builder-3.0.jar
2024-02-27 16:45:32,825 [BasicRepositoryConnector-repo.maven.apache.org-0-0] INFO  o.e.m.c.i.e.AbstractTransferListenerAdapter - Downloaded https://repo.maven.apache.org/maven2/org/apache/maven/maven-settings-builder/3.0/maven-settings-builder-3.0.jar
2024-02-27 16:45:32,859 [BasicRepositoryConnector-repo.maven.apache.org-0-0] INFO  o.e.m.c.i.e.AbstractTransferListenerAdapter - Downloading https://repo.maven.apache.org/maven2/org/apache/maven/maven-artifact/3.0/maven-artifact-3.0.jar
2024-02-27 16:45:33,012 [BasicRepositoryConnector-repo.maven.apache.org-0-2] INFO  o.e.m.c.i.e.AbstractTransferListenerAdapter - Downloaded https://repo.maven.apache.org/maven2/org/apache/maven/maven-model/3.0/maven-model-3.0.jar
2024-02-27 16:45:33,047 [BasicRepositoryConnector-repo.maven.apache.org-0-2] INFO  o.e.m.c.i.e.AbstractTransferListenerAdapter - Downloading https://repo.maven.apache.org/maven2/org/apache/maven/maven-plugin-api/3.0/maven-plugin-api-3.0.jar
2024-02-27 16:45:33,089 [BasicRepositoryConnector-repo.maven.apache.org-0-0] INFO  o.e.m.c.i.e.AbstractTransferListenerAdapter - Downloaded https://repo.maven.apache.org/maven2/org/apache/maven/maven-artifact/3.0/maven-artifact-3.0.jar
2024-02-27 16:45:33,135 [BasicRepositoryConnector-repo.maven.apache.org-0-0] INFO  o.e.m.c.i.e.AbstractTransferListenerAdapter - Downloading https://repo.maven.apache.org/maven2/org/sonatype/aether/aether-impl/1.7/aether-impl-1.7.jar
2024-02-27 16:45:33,239 [BasicRepositoryConnector-repo.maven.apache.org-0-2] INFO  o.e.m.c.i.e.AbstractTransferListenerAdapter - Downloaded https://repo.maven.apache.org/maven2/org/apache/maven/maven-plugin-api/3.0/maven-plugin-api-3.0.jar
2024-02-27 16:45:33,274 [BasicRepositoryConnector-repo.maven.apache.org-0-2] INFO  o.e.m.c.i.e.AbstractTransferListenerAdapter - Downloading https://repo.maven.apache.org/maven2/org/sonatype/aether/aether-spi/1.7/aether-spi-1.7.jar
2024-02-27 16:45:33,385 [BasicRepositoryConnector-repo.maven.apache.org-0-2] INFO  o.e.m.c.i.e.AbstractTransferListenerAdapter - Downloaded https://repo.maven.apache.org/maven2/org/sonatype/aether/aether-spi/1.7/aether-spi-1.7.jar
2024-02-27 16:45:33,419 [BasicRepositoryConnector-repo.maven.apache.org-0-2] INFO  o.e.m.c.i.e.AbstractTransferListenerAdapter - Downloading https://repo.maven.apache.org/maven2/org/sonatype/aether/aether-api/1.7/aether-api-1.7.jar
2024-02-27 16:45:33,640 [BasicRepositoryConnector-repo.maven.apache.org-0-0] INFO  o.e.m.c.i.e.AbstractTransferListenerAdapter - Downloaded https://repo.maven.apache.org/maven2/org/sonatype/aether/aether-impl/1.7/aether-impl-1.7.jar
2024-02-27 16:45:33,676 [BasicRepositoryConnector-repo.maven.apache.org-0-0] INFO  o.e.m.c.i.e.AbstractTransferListenerAdapter - Downloading https://repo.maven.apache.org/maven2/org/sonatype/plexus/plexus-sec-dispatcher/1.3/plexus-sec-dispatcher-1.3.jar
2024-02-27 16:45:33,747 [BasicRepositoryConnector-repo.maven.apache.org-0-2] INFO  o.e.m.c.i.e.AbstractTransferListenerAdapter - Downloaded https://repo.maven.apache.org/maven2/org/sonatype/aether/aether-api/1.7/aether-api-1.7.jar
2024-02-27 16:45:33,836 [BasicRepositoryConnector-repo.maven.apache.org-0-0] INFO  o.e.m.c.i.e.AbstractTransferListenerAdapter - Downloaded https://repo.maven.apache.org/maven2/org/sonatype/plexus/plexus-sec-dispatcher/1.3/plexus-sec-dispatcher-1.3.jar
2024-02-27 16:45:34,908 [BasicRepositoryConnector-repo.maven.apache.org-0-3] INFO  o.e.m.c.i.e.AbstractTransferListenerAdapter - Downloaded https://repo.maven.apache.org/maven2/org/codehaus/plexus/plexus-archiver/4.7.1/plexus-archiver-4.7.1.jar
2024-02-27 16:45:44,433 [BasicRepositoryConnector-repo.maven.apache.org-0-4] INFO  o.e.m.c.i.e.AbstractTransferListenerAdapter - Downloaded https://repo.maven.apache.org/maven2/org/apache/commons/commons-compress/1.23.0/commons-compress-1.23.0.jar
2024-02-27 16:45:44,982 [BasicRepositoryConnector-repo.maven.apache.org-0-1] INFO  o.e.m.c.i.e.AbstractTransferListenerAdapter - Downloaded https://repo.maven.apache.org/maven2/com/github/luben/zstd-jni/1.5.5-2/zstd-jni-1.5.5-2.jar
2024-02-27 16:45:45,724 [Worker-74: Creating maven-archetype-webapp] INFO  o.e.m.j.i.AbstractJavaProjectConfigurator - Adding source folder /SpringMVCBai1Maven/src/main/java
2024-02-27 16:45:45,724 [Worker-74: Creating maven-archetype-webapp] INFO  o.e.m.j.i.AbstractJavaProjectConfigurator - Adding resource folder /SpringMVCBai1Maven/src/main/resources
2024-02-27 16:45:45,725 [Worker-74: Creating maven-archetype-webapp] INFO  o.e.m.j.i.AbstractJavaProjectConfigurator - Adding source folder /SpringMVCBai1Maven/src/test/java
2024-02-27 16:45:45,725 [Worker-74: Creating maven-archetype-webapp] INFO  o.e.m.j.i.AbstractJavaProjectConfigurator - Adding resource folder /SpringMVCBai1Maven/src/test/resources
2024-02-27 16:45:46,631 [Worker-66: Download sources and javadoc] INFO  o.e.m.c.i.e.AbstractTransferListenerAdapter - Downloading https://repo.maven.apache.org/maven2/junit/junit/3.8.1/junit-3.8.1-sources.jar
2024-02-27 16:45:46,691 [Worker-66: Download sources and javadoc] INFO  o.e.m.c.i.e.AbstractTransferListenerAdapter - Downloaded https://repo.maven.apache.org/maven2/junit/junit/3.8.1/junit-3.8.1-sources.jar
2024-02-27 16:45:46,694 [Worker-66: Download sources and javadoc] INFO  o.e.m.j.internal.DownloadSourcesJob - Downloaded sources for junit:junit:3.8.1
2024-02-27 16:45:47,011 [Worker-74: Creating maven-archetype-webapp] INFO  o.e.m.c.i.p.ProjectConfigurationManager - Imported and configured 1 project(s) in 26 sec
2024-02-27 16:45:47,239 [Worker-76: Building] WARN  o.a.m.s.f.DefaultMavenResourcesFiltering - Using platform encoding (UTF-8 actually) to copy filtered resources, i.e. build is platform dependent!
2024-02-27 16:45:47,242 [Worker-76: Building] INFO  o.a.m.s.f.DefaultMavenResourcesFiltering - Copying 0 resource from src\main\resources to target\classes
2024-02-27 16:45:47,244 [Worker-76: Building] WARN  o.a.m.s.f.DefaultMavenResourcesFiltering - Using platform encoding (UTF-8 actually) to copy filtered resources, i.e. build is platform dependent!
2024-02-27 16:45:47,244 [Worker-76: Building] INFO  o.a.m.s.f.DefaultMavenResourcesFiltering - skip non existing resourceDirectory D:\Web\63130584_Web2\SpringMVCBai1Maven\src\test\resources
2024-02-27 16:45:47,696 [Worker-76: Building] WARN  o.a.m.s.f.DefaultMavenResourcesFiltering - Using platform encoding (UTF-8 actually) to copy filtered resources, i.e. build is platform dependent!
2024-02-27 16:45:47,699 [Worker-76: Building] INFO  o.a.m.s.f.DefaultMavenResourcesFiltering - Copying 0 resource from src\main\resources to target\classes
2024-02-27 16:45:47,701 [Worker-76: Building] WARN  o.a.m.s.f.DefaultMavenResourcesFiltering - Using platform encoding (UTF-8 actually) to copy filtered resources, i.e. build is platform dependent!
2024-02-27 16:45:47,701 [Worker-76: Building] INFO  o.a.m.s.f.DefaultMavenResourcesFiltering - skip non existing resourceDirectory D:\Web\63130584_Web2\SpringMVCBai1Maven\src\test\resources
2024-02-27 16:47:46,541 [Worker-73: Building] WARN  o.a.m.s.f.DefaultMavenResourcesFiltering - Using platform encoding (UTF-8 actually) to copy filtered resources, i.e. build is platform dependent!
2024-02-27 16:47:46,542 [Worker-73: Building] INFO  o.a.m.s.f.DefaultMavenResourcesFiltering - Copying 0 resource from src\main\resources to target\classes
2024-02-27 16:47:46,544 [Worker-73: Building] WARN  o.a.m.s.f.DefaultMavenResourcesFiltering - Using platform encoding (UTF-8 actually) to copy filtered resources, i.e. build is platform dependent!
2024-02-27 16:47:46,545 [Worker-73: Building] INFO  o.a.m.s.f.DefaultMavenResourcesFiltering - skip non existing resourceDirectory D:\Web\63130584_Web2\SpringMVCBai1Maven\src\test\resources
2024-02-27 16:55:10,227 [Worker-83: Building] INFO  o.e.m.c.i.l.LifecycleMappingFactory - Using org.maven.ide.eclipse.wtp.WarLifecycleMapping lifecycle mapping for MavenProject: jp.ivs:SpringMVCBai1Maven:0.0.1-SNAPSHOT @ D:\Web\63130584_Web2\SpringMVCBai1Maven\pom.xml.
2024-02-27 16:55:10,462 [Worker-83: Building] INFO  o.e.m.c.i.e.AbstractTransferListenerAdapter - Downloading https://repo.maven.apache.org/maven2/javax/servlet/javax.servlet-api/3.1.0/javax.servlet-api-3.1.0.pom
2024-02-27 16:55:10,462 [Worker-83: Building] INFO  o.e.m.c.i.e.AbstractTransferListenerAdapter - Downloaded https://repo.maven.apache.org/maven2/javax/servlet/javax.servlet-api/3.1.0/javax.servlet-api-3.1.0.pom
2024-02-27 16:55:10,680 [Worker-83: Building] INFO  o.e.m.c.i.e.AbstractTransferListenerAdapter - Downloading https://repo.maven.apache.org/maven2/org/springframework/spring-core/4.3.1.RELEASE/spring-core-4.3.1.RELEASE.pom
2024-02-27 16:55:10,684 [Worker-83: Building] INFO  o.e.m.c.i.e.AbstractTransferListenerAdapter - Downloaded https://repo.maven.apache.org/maven2/org/springframework/spring-core/4.3.1.RELEASE/spring-core-4.3.1.RELEASE.pom
2024-02-27 16:55:10,775 [Worker-83: Building] INFO  o.e.m.c.i.e.AbstractTransferListenerAdapter - Downloading https://repo.maven.apache.org/maven2/commons-logging/commons-logging/1.2/commons-logging-1.2.pom
2024-02-27 16:55:10,775 [Worker-83: Building] INFO  o.e.m.c.i.e.AbstractTransferListenerAdapter - Downloaded https://repo.maven.apache.org/maven2/commons-logging/commons-logging/1.2/commons-logging-1.2.pom
2024-02-27 16:55:10,874 [Worker-83: Building] INFO  o.e.m.c.i.e.AbstractTransferListenerAdapter - Downloading https://repo.maven.apache.org/maven2/org/apache/commons/commons-parent/34/commons-parent-34.pom
2024-02-27 16:55:10,926 [Worker-83: Building] INFO  o.e.m.c.i.e.AbstractTransferListenerAdapter - Downloaded https://repo.maven.apache.org/maven2/org/apache/commons/commons-parent/34/commons-parent-34.pom
2024-02-27 16:55:11,103 [Worker-83: Building] INFO  o.e.m.c.i.e.AbstractTransferListenerAdapter - Downloading https://repo.maven.apache.org/maven2/org/springframework/spring-web/4.3.1.RELEASE/spring-web-4.3.1.RELEASE.pom
2024-02-27 16:55:11,103 [Worker-83: Building] INFO  o.e.m.c.i.e.AbstractTransferListenerAdapter - Downloaded https://repo.maven.apache.org/maven2/org/springframework/spring-web/4.3.1.RELEASE/spring-web-4.3.1.RELEASE.pom
2024-02-27 16:55:11,202 [Worker-83: Building] INFO  o.e.m.c.i.e.AbstractTransferListenerAdapter - Downloading https://repo.maven.apache.org/maven2/org/springframework/spring-aop/4.3.1.RELEASE/spring-aop-4.3.1.RELEASE.pom
2024-02-27 16:55:11,206 [Worker-83: Building] INFO  o.e.m.c.i.e.AbstractTransferListenerAdapter - Downloaded https://repo.maven.apache.org/maven2/org/springframework/spring-aop/4.3.1.RELEASE/spring-aop-4.3.1.RELEASE.pom
2024-02-27 16:55:11,321 [Worker-83: Building] INFO  o.e.m.c.i.e.AbstractTransferListenerAdapter - Downloading https://repo.maven.apache.org/maven2/org/springframework/spring-beans/4.3.1.RELEASE/spring-beans-4.3.1.RELEASE.pom
2024-02-27 16:55:11,321 [Worker-83: Building] INFO  o.e.m.c.i.e.AbstractTransferListenerAdapter - Downloaded https://repo.maven.apache.org/maven2/org/springframework/spring-beans/4.3.1.RELEASE/spring-beans-4.3.1.RELEASE.pom
2024-02-27 16:55:11,434 [Worker-83: Building] INFO  o.e.m.c.i.e.AbstractTransferListenerAdapter - Downloading https://repo.maven.apache.org/maven2/org/springframework/spring-context/4.3.1.RELEASE/spring-context-4.3.1.RELEASE.pom
2024-02-27 16:55:11,440 [Worker-83: Building] INFO  o.e.m.c.i.e.AbstractTransferListenerAdapter - Downloaded https://repo.maven.apache.org/maven2/org/springframework/spring-context/4.3.1.RELEASE/spring-context-4.3.1.RELEASE.pom
2024-02-27 16:55:11,572 [Worker-83: Building] INFO  o.e.m.c.i.e.AbstractTransferListenerAdapter - Downloading https://repo.maven.apache.org/maven2/org/springframework/spring-expression/4.3.1.RELEASE/spring-expression-4.3.1.RELEASE.pom
2024-02-27 16:55:11,574 [Worker-83: Building] INFO  o.e.m.c.i.e.AbstractTransferListenerAdapter - Downloaded https://repo.maven.apache.org/maven2/org/springframework/spring-expression/4.3.1.RELEASE/spring-expression-4.3.1.RELEASE.pom
2024-02-27 16:55:11,712 [Worker-83: Building] INFO  o.e.m.c.i.e.AbstractTransferListenerAdapter - Downloading https://repo.maven.apache.org/maven2/org/springframework/spring-webmvc/4.3.1.RELEASE/spring-webmvc-4.3.1.RELEASE.pom
2024-02-27 16:55:11,715 [Worker-83: Building] INFO  o.e.m.c.i.e.AbstractTransferListenerAdapter - Downloaded https://repo.maven.apache.org/maven2/org/springframework/spring-webmvc/4.3.1.RELEASE/spring-webmvc-4.3.1.RELEASE.pom
2024-02-27 16:55:11,856 [Worker-83: Building] INFO  o.e.m.c.i.e.AbstractTransferListenerAdapter - Downloading https://repo.maven.apache.org/maven2/javax/servlet/javax.servlet-api/3.1.0/javax.servlet-api-3.1.0.jar
2024-02-27 16:55:12,479 [Worker-83: Building] INFO  o.e.m.c.i.e.AbstractTransferListenerAdapter - Downloaded https://repo.maven.apache.org/maven2/javax/servlet/javax.servlet-api/3.1.0/javax.servlet-api-3.1.0.jar
2024-02-27 16:55:12,545 [BasicRepositoryConnector-repo.maven.apache.org-1-1] INFO  o.e.m.c.i.e.AbstractTransferListenerAdapter - Downloading https://repo.maven.apache.org/maven2/commons-logging/commons-logging/1.2/commons-logging-1.2.jar
2024-02-27 16:55:12,658 [BasicRepositoryConnector-repo.maven.apache.org-1-0] INFO  o.e.m.c.i.e.AbstractTransferListenerAdapter - Downloading https://repo.maven.apache.org/maven2/org/springframework/spring-core/4.3.1.RELEASE/spring-core-4.3.1.RELEASE.jar
2024-02-27 16:55:12,659 [BasicRepositoryConnector-repo.maven.apache.org-1-2] INFO  o.e.m.c.i.e.AbstractTransferListenerAdapter - Downloading https://repo.maven.apache.org/maven2/org/springframework/spring-web/4.3.1.RELEASE/spring-web-4.3.1.RELEASE.jar
2024-02-27 16:55:12,661 [BasicRepositoryConnector-repo.maven.apache.org-1-1] INFO  o.e.m.c.i.e.AbstractTransferListenerAdapter - Downloaded https://repo.maven.apache.org/maven2/commons-logging/commons-logging/1.2/commons-logging-1.2.jar
2024-02-27 16:55:12,663 [BasicRepositoryConnector-repo.maven.apache.org-1-3] INFO  o.e.m.c.i.e.AbstractTransferListenerAdapter - Downloading https://repo.maven.apache.org/maven2/org/springframework/spring-aop/4.3.1.RELEASE/spring-aop-4.3.1.RELEASE.jar
2024-02-27 16:55:12,670 [BasicRepositoryConnector-repo.maven.apache.org-1-4] INFO  o.e.m.c.i.e.AbstractTransferListenerAdapter - Downloading https://repo.maven.apache.org/maven2/org/springframework/spring-beans/4.3.1.RELEASE/spring-beans-4.3.1.RELEASE.jar
2024-02-27 16:55:12,779 [BasicRepositoryConnector-repo.maven.apache.org-1-1] INFO  o.e.m.c.i.e.AbstractTransferListenerAdapter - Downloading https://repo.maven.apache.org/maven2/org/springframework/spring-context/4.3.1.RELEASE/spring-context-4.3.1.RELEASE.jar
2024-02-27 16:55:14,095 [BasicRepositoryConnector-repo.maven.apache.org-1-3] INFO  o.e.m.c.i.e.AbstractTransferListenerAdapter - Downloaded https://repo.maven.apache.org/maven2/org/springframework/spring-aop/4.3.1.RELEASE/spring-aop-4.3.1.RELEASE.jar
2024-02-27 16:55:14,154 [BasicRepositoryConnector-repo.maven.apache.org-1-3] INFO  o.e.m.c.i.e.AbstractTransferListenerAdapter - Downloading https://repo.maven.apache.org/maven2/org/springframework/spring-webmvc/4.3.1.RELEASE/spring-webmvc-4.3.1.RELEASE.jar
2024-02-27 16:55:16,095 [BasicRepositoryConnector-repo.maven.apache.org-1-4] INFO  o.e.m.c.i.e.AbstractTransferListenerAdapter - Downloaded https://repo.maven.apache.org/maven2/org/springframework/spring-beans/4.3.1.RELEASE/spring-beans-4.3.1.RELEASE.jar
2024-02-27 16:55:16,134 [BasicRepositoryConnector-repo.maven.apache.org-1-4] INFO  o.e.m.c.i.e.AbstractTransferListenerAdapter - Downloading https://repo.maven.apache.org/maven2/org/springframework/spring-expression/4.3.1.RELEASE/spring-expression-4.3.1.RELEASE.jar
2024-02-27 16:55:18,143 [BasicRepositoryConnector-repo.maven.apache.org-1-4] INFO  o.e.m.c.i.e.AbstractTransferListenerAdapter - Downloaded https://repo.maven.apache.org/maven2/org/springframework/spring-expression/4.3.1.RELEASE/spring-expression-4.3.1.RELEASE.jar
2024-02-27 16:55:20,277 [BasicRepositoryConnector-repo.maven.apache.org-1-2] INFO  o.e.m.c.i.e.AbstractTransferListenerAdapter - Downloaded https://repo.maven.apache.org/maven2/org/springframework/spring-web/4.3.1.RELEASE/spring-web-4.3.1.RELEASE.jar
2024-02-27 16:55:20,887 [BasicRepositoryConnector-repo.maven.apache.org-1-1] INFO  o.e.m.c.i.e.AbstractTransferListenerAdapter - Downloaded https://repo.maven.apache.org/maven2/org/springframework/spring-context/4.3.1.RELEASE/spring-context-4.3.1.RELEASE.jar
2024-02-27 16:55:21,533 [BasicRepositoryConnector-repo.maven.apache.org-1-3] INFO  o.e.m.c.i.e.AbstractTransferListenerAdapter - Downloaded https://repo.maven.apache.org/maven2/org/springframework/spring-webmvc/4.3.1.RELEASE/spring-webmvc-4.3.1.RELEASE.jar
2024-02-27 16:55:21,680 [BasicRepositoryConnector-repo.maven.apache.org-1-0] INFO  o.e.m.c.i.e.AbstractTransferListenerAdapter - Downloaded https://repo.maven.apache.org/maven2/org/springframework/spring-core/4.3.1.RELEASE/spring-core-4.3.1.RELEASE.jar
2024-02-27 16:55:21,992 [Worker-83: Building] WARN  o.a.m.s.f.DefaultMavenResourcesFiltering - Using platform encoding (UTF-8 actually) to copy filtered resources, i.e. build is platform dependent!
2024-02-27 16:55:21,993 [Worker-83: Building] INFO  o.a.m.s.f.DefaultMavenResourcesFiltering - Copying 0 resource from src\main\resources to target\classes
2024-02-27 16:55:21,996 [Worker-83: Building] WARN  o.a.m.s.f.DefaultMavenResourcesFiltering - Using platform encoding (UTF-8 actually) to copy filtered resources, i.e. build is platform dependent!
2024-02-27 16:55:21,996 [Worker-83: Building] INFO  o.a.m.s.f.DefaultMavenResourcesFiltering - skip non existing resourceDirectory D:\Web\63130584_Web2\SpringMVCBai1Maven\src\test\resources
2024-02-27 16:55:21,996 [Worker-83: Building] INFO  o.e.m.w.i.f.ResourceFilteringBuildParticipant - Changed resources require a complete clean of filtered resources of SpringMVCBai1Maven
2024-02-27 16:55:21,997 [Worker-83: Building] INFO  o.e.m.w.i.f.ResourceFilteringBuildParticipant - Executing resource filtering for SpringMVCBai1Maven
2024-02-27 16:55:23,363 [Worker-78: Download sources and javadoc] INFO  o.e.m.c.i.e.AbstractTransferListenerAdapter - Downloading https://repo.maven.apache.org/maven2/javax/servlet/javax.servlet-api/3.1.0/javax.servlet-api-3.1.0-sources.jar
2024-02-27 16:55:23,449 [Worker-78: Download sources and javadoc] INFO  o.e.m.c.i.e.AbstractTransferListenerAdapter - Downloaded https://repo.maven.apache.org/maven2/javax/servlet/javax.servlet-api/3.1.0/javax.servlet-api-3.1.0-sources.jar
2024-02-27 16:55:23,453 [Worker-78: Download sources and javadoc] INFO  o.e.m.j.internal.DownloadSourcesJob - Downloaded sources for javax.servlet:javax.servlet-api:3.1.0
2024-02-27 16:55:23,573 [Worker-78: Download sources and javadoc] INFO  o.e.m.c.i.e.AbstractTransferListenerAdapter - Downloading https://repo.maven.apache.org/maven2/org/springframework/spring-core/4.3.1.RELEASE/spring-core-4.3.1.RELEASE-sources.jar
2024-02-27 16:55:24,608 [Worker-78: Download sources and javadoc] INFO  o.e.m.c.i.e.AbstractTransferListenerAdapter - Downloaded https://repo.maven.apache.org/maven2/org/springframework/spring-core/4.3.1.RELEASE/spring-core-4.3.1.RELEASE-sources.jar
2024-02-27 16:55:24,611 [Worker-78: Download sources and javadoc] INFO  o.e.m.j.internal.DownloadSourcesJob - Downloaded sources for org.springframework:spring-core:4.3.1.RELEASE
2024-02-27 16:55:24,727 [Worker-78: Download sources and javadoc] INFO  o.e.m.c.i.e.AbstractTransferListenerAdapter - Downloading https://repo.maven.apache.org/maven2/commons-logging/commons-logging/1.2/commons-logging-1.2-sources.jar
2024-02-27 16:55:24,769 [Worker-78: Download sources and javadoc] INFO  o.e.m.c.i.e.AbstractTransferListenerAdapter - Downloaded https://repo.maven.apache.org/maven2/commons-logging/commons-logging/1.2/commons-logging-1.2-sources.jar
2024-02-27 16:55:24,773 [Worker-78: Download sources and javadoc] INFO  o.e.m.j.internal.DownloadSourcesJob - Downloaded sources for commons-logging:commons-logging:1.2
2024-02-27 16:55:24,887 [Worker-78: Download sources and javadoc] INFO  o.e.m.c.i.e.AbstractTransferListenerAdapter - Downloading https://repo.maven.apache.org/maven2/org/springframework/spring-web/4.3.1.RELEASE/spring-web-4.3.1.RELEASE-sources.jar
2024-02-27 16:55:26,002 [Worker-78: Download sources and javadoc] INFO  o.e.m.c.i.e.AbstractTransferListenerAdapter - Downloaded https://repo.maven.apache.org/maven2/org/springframework/spring-web/4.3.1.RELEASE/spring-web-4.3.1.RELEASE-sources.jar
2024-02-27 16:55:26,005 [Worker-78: Download sources and javadoc] INFO  o.e.m.j.internal.DownloadSourcesJob - Downloaded sources for org.springframework:spring-web:4.3.1.RELEASE
2024-02-27 16:55:26,144 [Worker-78: Download sources and javadoc] INFO  o.e.m.c.i.e.AbstractTransferListenerAdapter - Downloading https://repo.maven.apache.org/maven2/org/springframework/spring-aop/4.3.1.RELEASE/spring-aop-4.3.1.RELEASE-sources.jar
2024-02-27 16:55:26,903 [Worker-78: Download sources and javadoc] INFO  o.e.m.c.i.e.AbstractTransferListenerAdapter - Downloaded https://repo.maven.apache.org/maven2/org/springframework/spring-aop/4.3.1.RELEASE/spring-aop-4.3.1.RELEASE-sources.jar
2024-02-27 16:55:26,907 [Worker-78: Download sources and javadoc] INFO  o.e.m.j.internal.DownloadSourcesJob - Downloaded sources for org.springframework:spring-aop:4.3.1.RELEASE
2024-02-27 16:55:27,015 [Worker-78: Download sources and javadoc] INFO  o.e.m.c.i.e.AbstractTransferListenerAdapter - Downloading https://repo.maven.apache.org/maven2/org/springframework/spring-beans/4.3.1.RELEASE/spring-beans-4.3.1.RELEASE-sources.jar
2024-02-27 16:55:28,095 [Worker-78: Download sources and javadoc] INFO  o.e.m.c.i.e.AbstractTransferListenerAdapter - Downloaded https://repo.maven.apache.org/maven2/org/springframework/spring-beans/4.3.1.RELEASE/spring-beans-4.3.1.RELEASE-sources.jar
2024-02-27 16:55:28,099 [Worker-78: Download sources and javadoc] INFO  o.e.m.j.internal.DownloadSourcesJob - Downloaded sources for org.springframework:spring-beans:4.3.1.RELEASE
2024-02-27 16:55:28,217 [Worker-78: Download sources and javadoc] INFO  o.e.m.c.i.e.AbstractTransferListenerAdapter - Downloading https://repo.maven.apache.org/maven2/org/springframework/spring-context/4.3.1.RELEASE/spring-context-4.3.1.RELEASE-sources.jar
2024-02-27 16:55:29,993 [Worker-78: Download sources and javadoc] INFO  o.e.m.c.i.e.AbstractTransferListenerAdapter - Downloaded https://repo.maven.apache.org/maven2/org/springframework/spring-context/4.3.1.RELEASE/spring-context-4.3.1.RELEASE-sources.jar
2024-02-27 16:55:29,997 [Worker-78: Download sources and javadoc] INFO  o.e.m.j.internal.DownloadSourcesJob - Downloaded sources for org.springframework:spring-context:4.3.1.RELEASE
2024-02-27 16:55:30,151 [Worker-78: Download sources and javadoc] INFO  o.e.m.c.i.e.AbstractTransferListenerAdapter - Downloading https://repo.maven.apache.org/maven2/org/springframework/spring-webmvc/4.3.1.RELEASE/spring-webmvc-4.3.1.RELEASE-sources.jar
2024-02-27 16:55:31,468 [Worker-78: Download sources and javadoc] INFO  o.e.m.c.i.e.AbstractTransferListenerAdapter - Downloaded https://repo.maven.apache.org/maven2/org/springframework/spring-webmvc/4.3.1.RELEASE/spring-webmvc-4.3.1.RELEASE-sources.jar
2024-02-27 16:55:31,472 [Worker-78: Download sources and javadoc] INFO  o.e.m.j.internal.DownloadSourcesJob - Downloaded sources for org.springframework:spring-webmvc:4.3.1.RELEASE
2024-02-27 16:55:31,628 [Worker-78: Download sources and javadoc] INFO  o.e.m.c.i.e.AbstractTransferListenerAdapter - Downloading https://repo.maven.apache.org/maven2/org/springframework/spring-expression/4.3.1.RELEASE/spring-expression-4.3.1.RELEASE-sources.jar
2024-02-27 16:55:32,066 [Worker-78: Download sources and javadoc] INFO  o.e.m.c.i.e.AbstractTransferListenerAdapter - Downloaded https://repo.maven.apache.org/maven2/org/springframework/spring-expression/4.3.1.RELEASE/spring-expression-4.3.1.RELEASE-sources.jar
2024-02-27 16:55:32,070 [Worker-78: Download sources and javadoc] INFO  o.e.m.j.internal.DownloadSourcesJob - Downloaded sources for org.springframework:spring-expression:4.3.1.RELEASE
2024-03-05 14:55:51,610 [Worker-5: Loading available Gradle versions] INFO  o.e.b.c.i.u.g.PublishedGradleVersions - Gradle version information cache is out-of-date. Trying to update.
2024-03-05 14:55:52,118 [Worker-5: Loading available Gradle versions] INFO  o.e.b.c.i.u.g.PublishedGradleVersions - Updating Gradle version information cache failed. Using outdated cache.
2024-03-05 15:20:54,749 [Worker-66: https://cdn.spring.io/spring-tools/release/TOOLS/sts4/update/4.21.1.RELEASE/e4.30/plugins/com.fasterxml.jackson.core.jackson-annotations_2.16.0.jar] INFO  o.a.h.c.h.i.c.HttpRequestRetryExec - Recoverable I/O exception (org.apache.hc.core5.http.NoHttpResponseException) caught when processing request to {s}->https://cdn.spring.io:443
2024-03-05 15:21:06,467 [Worker-54: https://cdn.spring.io/spring-tools/release/TOOLS/sts4/update/4.21.1.RELEASE/e4.30/plugins/org.eclipse.lsp4e_0.18.3.202401311302.jar] INFO  o.a.h.c.h.i.c.HttpRequestRetryExec - Recoverable I/O exception (org.apache.hc.core5.http.NoHttpResponseException) caught when processing request to {s}->https://cdn.spring.io:443
2024-03-05 15:23:18,241 [Worker-48: https://cdn.spring.io/spring-tools/release/TOOLS/sts4/update/4.21.1.RELEASE/e4.30/plugins/org.springsource.ide.eclipse.commons.ui_4.21.1.202401312010.jar] INFO  o.a.h.c.h.i.c.HttpRequestRetryExec - Recoverable I/O exception (org.apache.hc.core5.http.NoHttpResponseException) caught when processing request to {s}->https://cdn.spring.io:443
2024-03-05 15:47:23,466 [Worker-2: Loading available Gradle versions] INFO  o.e.b.c.i.u.g.PublishedGradleVersions - Gradle version information cache is out-of-date. Trying to update.
2024-03-05 16:00:48,295 [Worker-4: Loading available Gradle versions] INFO  o.e.b.c.i.u.g.PublishedGradleVersions - Gradle version information cache is up-to-date. Trying to read.
2024-03-05 16:16:52,433 [Worker-18: Building] WARN  o.a.m.s.f.DefaultMavenResourcesFiltering - Using platform encoding (UTF-8 actually) to copy filtered resources, i.e. build is platform dependent!
2024-03-05 16:16:52,439 [Worker-18: Building] INFO  o.a.m.s.f.DefaultMavenResourcesFiltering - Copying 0 resource from src\main\resources to target\classes
2024-03-05 16:16:52,447 [Worker-18: Building] WARN  o.a.m.s.f.DefaultMavenResourcesFiltering - Using platform encoding (UTF-8 actually) to copy filtered resources, i.e. build is platform dependent!
2024-03-05 16:16:52,448 [Worker-18: Building] INFO  o.a.m.s.f.DefaultMavenResourcesFiltering - skip non existing resourceDirectory D:\Web\63130584_Web2\SpringMVCBai1Maven\src\test\resources
2024-03-12 14:55:41,005 [Worker-5: Loading available Gradle versions] INFO  o.e.b.c.i.u.g.PublishedGradleVersions - Gradle version information cache is out-of-date. Trying to update.
2024-03-26 12:01:58,615 [Worker-2: Loading available Gradle versions] INFO  o.e.b.c.i.u.g.PublishedGradleVersions - Gradle version information cache is out-of-date. Trying to update.
2024-03-26 12:02:46,426 [Worker-1: Loading available Gradle versions] INFO  o.e.b.c.i.u.g.PublishedGradleVersions - Gradle version information cache is up-to-date. Trying to read.
2024-03-26 12:06:12,231 [Worker-3: https://cdn.spring.io/spring-tools/release/TOOLS/sts4/update/4.22.0.RELEASE/e4.30/artifacts.xml.xz] INFO  o.a.h.c.h.i.c.HttpRequestRetryExec - Recoverable I/O exception (org.apache.hc.core5.http.NoHttpResponseException) caught when processing request to {s}->https://cdn.spring.io:443
2024-03-26 12:06:14,116 [Worker-13: https://cdn.spring.io/spring-tools/release/TOOLS/sts4/update/4.22.0.RELEASE/e4.30/content.xml.xz] INFO  o.a.h.c.h.i.c.HttpRequestRetryExec - Recoverable I/O exception (org.apache.hc.core5.http.NoHttpResponseException) caught when processing request to {s}->https://cdn.spring.io:443
2024-03-26 12:11:31,456 [Worker-54: Building] WARN  o.a.m.s.f.DefaultMavenResourcesFiltering - Using platform encoding (UTF-8 actually) to copy filtered resources, i.e. build is platform dependent!
2024-03-26 12:11:31,459 [Worker-54: Building] INFO  o.a.m.s.f.DefaultMavenResourcesFiltering - Copying 0 resource from src\main\resources to target\classes
2024-03-26 12:11:31,463 [Worker-54: Building] WARN  o.a.m.s.f.DefaultMavenResourcesFiltering - Using platform encoding (UTF-8 actually) to copy filtered resources, i.e. build is platform dependent!
2024-03-26 12:11:31,463 [Worker-54: Building] INFO  o.a.m.s.f.DefaultMavenResourcesFiltering - skip non existing resourceDirectory D:\Web\63130584_Web2\SpringMVCBai1Maven\src\test\resources
2024-03-26 12:14:26,162 [Worker-5: Loading available Gradle versions] INFO  o.e.b.c.i.u.g.PublishedGradleVersions - Gradle version information cache is up-to-date. Trying to read.
2024-03-26 14:50:14,630 [Worker-1: Loading available Gradle versions] INFO  o.e.b.c.i.u.g.PublishedGradleVersions - Gradle version information cache is up-to-date. Trying to read.
